INFO: [VRFC 10-2263] Analyzing Verilog file "/home/song/vivado_sim/DDR_sim/ddr4_0_sim_netlist.v" into library work
INFO: [VRFC 10-311] analyzing module ddr4_0
INFO: [VRFC 10-311] analyzing module ddr4_0_bd_9054
INFO: [VRFC 10-311] analyzing module ddr4_0_bd_9054_dlmb_0
INFO: [VRFC 10-311] analyzing module ddr4_0_bd_9054_dlmb_cntlr_0
INFO: [VRFC 10-311] analyzing module ddr4_0_bd_9054_ilmb_0
INFO: [VRFC 10-311] analyzing module ddr4_0_bd_9054_ilmb_cntlr_0
INFO: [VRFC 10-311] analyzing module ddr4_0_bd_9054_iomodule_0_0
INFO: [VRFC 10-311] analyzing module ddr4_0_bd_9054_lmb_bram_I_0
INFO: [VRFC 10-311] analyzing module ddr4_0_bd_9054_microblaze_I_0
INFO: [VRFC 10-311] analyzing module ddr4_0_bd_9054_rst_0_0
INFO: [VRFC 10-311] analyzing module ddr4_0_bd_9054_second_dlmb_cntlr_0
INFO: [VRFC 10-311] analyzing module ddr4_0_bd_9054_second_ilmb_cntlr_0
INFO: [VRFC 10-311] analyzing module ddr4_0_bd_9054_second_lmb_bram_I_0
INFO: [VRFC 10-311] analyzing module ddr4_0_cdc_sync
INFO: [VRFC 10-311] analyzing module ddr4_0_ddr4_0_ddr4
INFO: [VRFC 10-311] analyzing module ddr4_0_ddr4_0_ddr4_cal_riu
INFO: [VRFC 10-311] analyzing module ddr4_0_ddr4_0_ddr4_mem_intfc
INFO: [VRFC 10-311] analyzing module ddr4_0_ddr4_0_microblaze_mcs
INFO: [VRFC 10-311] analyzing module ddr4_0_ddr4_0_phy
INFO: [VRFC 10-311] analyzing module ddr4_0_ddr4_0_phy_ddr4
INFO: [VRFC 10-311] analyzing module ddr4_0_ddr4_phy_v2_2_0_iob
INFO: [VRFC 10-311] analyzing module ddr4_0_ddr4_phy_v2_2_0_iob_byte
INFO: [VRFC 10-311] analyzing module ddr4_0_ddr4_phy_v2_2_0_iob_byte__parameterized0
INFO: [VRFC 10-311] analyzing module ddr4_0_ddr4_phy_v2_2_0_iob_byte__parameterized1
INFO: [VRFC 10-311] analyzing module ddr4_0_ddr4_phy_v2_2_0_iob_byte__parameterized2
INFO: [VRFC 10-311] analyzing module ddr4_0_ddr4_phy_v2_2_0_iob_byte__parameterized2_611
INFO: [VRFC 10-311] analyzing module ddr4_0_ddr4_phy_v2_2_0_iob_byte__parameterized2_612
INFO: [VRFC 10-311] analyzing module ddr4_0_ddr4_phy_v2_2_0_iob_byte__parameterized2_613
INFO: [VRFC 10-311] analyzing module ddr4_0_ddr4_phy_v2_2_0_pll
INFO: [VRFC 10-311] analyzing module ddr4_0_ddr4_phy_v2_2_0_xiphy
INFO: [VRFC 10-311] analyzing module ddr4_0_ddr4_phy_v2_2_0_xiphy_bitslice_wrapper
INFO: [VRFC 10-311] analyzing module ddr4_0_ddr4_phy_v2_2_0_xiphy_bitslice_wrapper_631
INFO: [VRFC 10-311] analyzing module ddr4_0_ddr4_phy_v2_2_0_xiphy_bitslice_wrapper_646
INFO: [VRFC 10-311] analyzing module ddr4_0_ddr4_phy_v2_2_0_xiphy_bitslice_wrapper_661
INFO: [VRFC 10-311] analyzing module ddr4_0_ddr4_phy_v2_2_0_xiphy_bitslice_wrapper_671
INFO: [VRFC 10-311] analyzing module ddr4_0_ddr4_phy_v2_2_0_xiphy_bitslice_wrapper_677
INFO: [VRFC 10-311] analyzing module ddr4_0_ddr4_phy_v2_2_0_xiphy_bitslice_wrapper_683
INFO: [VRFC 10-311] analyzing module ddr4_0_ddr4_phy_v2_2_0_xiphy_bitslice_wrapper_693
INFO: [VRFC 10-311] analyzing module ddr4_0_ddr4_phy_v2_2_0_xiphy_bitslice_wrapper_699
INFO: [VRFC 10-311] analyzing module ddr4_0_ddr4_phy_v2_2_0_xiphy_bitslice_wrapper__parameterized0
INFO: [VRFC 10-311] analyzing module ddr4_0_ddr4_phy_v2_2_0_xiphy_bitslice_wrapper__parameterized0_672
INFO: [VRFC 10-311] analyzing module ddr4_0_ddr4_phy_v2_2_0_xiphy_bitslice_wrapper__parameterized0_673
INFO: [VRFC 10-311] analyzing module ddr4_0_ddr4_phy_v2_2_0_xiphy_bitslice_wrapper__parameterized0_674
INFO: [VRFC 10-311] analyzing module ddr4_0_ddr4_phy_v2_2_0_xiphy_bitslice_wrapper__parameterized0_678
INFO: [VRFC 10-311] analyzing module ddr4_0_ddr4_phy_v2_2_0_xiphy_bitslice_wrapper__parameterized0_679
INFO: [VRFC 10-311] analyzing module ddr4_0_ddr4_phy_v2_2_0_xiphy_bitslice_wrapper__parameterized0_680
INFO: [VRFC 10-311] analyzing module ddr4_0_ddr4_phy_v2_2_0_xiphy_bitslice_wrapper__parameterized0_681
INFO: [VRFC 10-311] analyzing module ddr4_0_ddr4_phy_v2_2_0_xiphy_bitslice_wrapper__parameterized0_682
INFO: [VRFC 10-311] analyzing module ddr4_0_ddr4_phy_v2_2_0_xiphy_bitslice_wrapper__parameterized0_684
INFO: [VRFC 10-311] analyzing module ddr4_0_ddr4_phy_v2_2_0_xiphy_bitslice_wrapper__parameterized0_685
INFO: [VRFC 10-311] analyzing module ddr4_0_ddr4_phy_v2_2_0_xiphy_bitslice_wrapper__parameterized0_686
INFO: [VRFC 10-311] analyzing module ddr4_0_ddr4_phy_v2_2_0_xiphy_bitslice_wrapper__parameterized0_687
INFO: [VRFC 10-311] analyzing module ddr4_0_ddr4_phy_v2_2_0_xiphy_bitslice_wrapper__parameterized0_694
INFO: [VRFC 10-311] analyzing module ddr4_0_ddr4_phy_v2_2_0_xiphy_bitslice_wrapper__parameterized0_695
INFO: [VRFC 10-311] analyzing module ddr4_0_ddr4_phy_v2_2_0_xiphy_bitslice_wrapper__parameterized0_696
INFO: [VRFC 10-311] analyzing module ddr4_0_ddr4_phy_v2_2_0_xiphy_bitslice_wrapper__parameterized0_697
INFO: [VRFC 10-311] analyzing module ddr4_0_ddr4_phy_v2_2_0_xiphy_bitslice_wrapper__parameterized0_698
INFO: [VRFC 10-311] analyzing module ddr4_0_ddr4_phy_v2_2_0_xiphy_bitslice_wrapper__parameterized0_700
INFO: [VRFC 10-311] analyzing module ddr4_0_ddr4_phy_v2_2_0_xiphy_bitslice_wrapper__parameterized0_701
INFO: [VRFC 10-311] analyzing module ddr4_0_ddr4_phy_v2_2_0_xiphy_bitslice_wrapper__parameterized0_702
INFO: [VRFC 10-311] analyzing module ddr4_0_ddr4_phy_v2_2_0_xiphy_bitslice_wrapper__parameterized0_703
INFO: [VRFC 10-311] analyzing module ddr4_0_ddr4_phy_v2_2_0_xiphy_bitslice_wrapper__parameterized1
INFO: [VRFC 10-311] analyzing module ddr4_0_ddr4_phy_v2_2_0_xiphy_bitslice_wrapper__parameterized1_617
INFO: [VRFC 10-311] analyzing module ddr4_0_ddr4_phy_v2_2_0_xiphy_bitslice_wrapper__parameterized1_618
INFO: [VRFC 10-311] analyzing module ddr4_0_ddr4_phy_v2_2_0_xiphy_bitslice_wrapper__parameterized1_619
INFO: [VRFC 10-311] analyzing module ddr4_0_ddr4_phy_v2_2_0_xiphy_bitslice_wrapper__parameterized1_620
INFO: [VRFC 10-311] analyzing module ddr4_0_ddr4_phy_v2_2_0_xiphy_bitslice_wrapper__parameterized1_621
INFO: [VRFC 10-311] analyzing module ddr4_0_ddr4_phy_v2_2_0_xiphy_bitslice_wrapper__parameterized1_622
INFO: [VRFC 10-311] analyzing module ddr4_0_ddr4_phy_v2_2_0_xiphy_bitslice_wrapper__parameterized1_623
INFO: [VRFC 10-311] analyzing module ddr4_0_ddr4_phy_v2_2_0_xiphy_bitslice_wrapper__parameterized1_624
INFO: [VRFC 10-311] analyzing module ddr4_0_ddr4_phy_v2_2_0_xiphy_bitslice_wrapper__parameterized1_626
INFO: [VRFC 10-311] analyzing module ddr4_0_ddr4_phy_v2_2_0_xiphy_bitslice_wrapper__parameterized1_627
INFO: [VRFC 10-311] analyzing module ddr4_0_ddr4_phy_v2_2_0_xiphy_bitslice_wrapper__parameterized1_628
INFO: [VRFC 10-311] analyzing module ddr4_0_ddr4_phy_v2_2_0_xiphy_bitslice_wrapper__parameterized1_629
INFO: [VRFC 10-311] analyzing module ddr4_0_ddr4_phy_v2_2_0_xiphy_bitslice_wrapper__parameterized1_630
INFO: [VRFC 10-311] analyzing module ddr4_0_ddr4_phy_v2_2_0_xiphy_bitslice_wrapper__parameterized1_632
INFO: [VRFC 10-311] analyzing module ddr4_0_ddr4_phy_v2_2_0_xiphy_bitslice_wrapper__parameterized1_633
INFO: [VRFC 10-311] analyzing module ddr4_0_ddr4_phy_v2_2_0_xiphy_bitslice_wrapper__parameterized1_634
INFO: [VRFC 10-311] analyzing module ddr4_0_ddr4_phy_v2_2_0_xiphy_bitslice_wrapper__parameterized1_635
INFO: [VRFC 10-311] analyzing module ddr4_0_ddr4_phy_v2_2_0_xiphy_bitslice_wrapper__parameterized1_641
INFO: [VRFC 10-311] analyzing module ddr4_0_ddr4_phy_v2_2_0_xiphy_bitslice_wrapper__parameterized1_642
INFO: [VRFC 10-311] analyzing module ddr4_0_ddr4_phy_v2_2_0_xiphy_bitslice_wrapper__parameterized1_643
INFO: [VRFC 10-311] analyzing module ddr4_0_ddr4_phy_v2_2_0_xiphy_bitslice_wrapper__parameterized1_644
INFO: [VRFC 10-311] analyzing module ddr4_0_ddr4_phy_v2_2_0_xiphy_bitslice_wrapper__parameterized1_645
INFO: [VRFC 10-311] analyzing module ddr4_0_ddr4_phy_v2_2_0_xiphy_bitslice_wrapper__parameterized1_647
INFO: [VRFC 10-311] analyzing module ddr4_0_ddr4_phy_v2_2_0_xiphy_bitslice_wrapper__parameterized1_648
INFO: [VRFC 10-311] analyzing module ddr4_0_ddr4_phy_v2_2_0_xiphy_bitslice_wrapper__parameterized1_649
INFO: [VRFC 10-311] analyzing module ddr4_0_ddr4_phy_v2_2_0_xiphy_bitslice_wrapper__parameterized1_650
INFO: [VRFC 10-311] analyzing module ddr4_0_ddr4_phy_v2_2_0_xiphy_bitslice_wrapper__parameterized1_656
INFO: [VRFC 10-311] analyzing module ddr4_0_ddr4_phy_v2_2_0_xiphy_bitslice_wrapper__parameterized1_657
INFO: [VRFC 10-311] analyzing module ddr4_0_ddr4_phy_v2_2_0_xiphy_bitslice_wrapper__parameterized1_658
INFO: [VRFC 10-311] analyzing module ddr4_0_ddr4_phy_v2_2_0_xiphy_bitslice_wrapper__parameterized1_659
INFO: [VRFC 10-311] analyzing module ddr4_0_ddr4_phy_v2_2_0_xiphy_bitslice_wrapper__parameterized1_660
INFO: [VRFC 10-311] analyzing module ddr4_0_ddr4_phy_v2_2_0_xiphy_bitslice_wrapper__parameterized1_662
INFO: [VRFC 10-311] analyzing module ddr4_0_ddr4_phy_v2_2_0_xiphy_bitslice_wrapper__parameterized1_663
INFO: [VRFC 10-311] analyzing module ddr4_0_ddr4_phy_v2_2_0_xiphy_bitslice_wrapper__parameterized1_664
INFO: [VRFC 10-311] analyzing module ddr4_0_ddr4_phy_v2_2_0_xiphy_bitslice_wrapper__parameterized1_665
INFO: [VRFC 10-311] analyzing module ddr4_0_ddr4_phy_v2_2_0_xiphy_byte_wrapper
INFO: [VRFC 10-311] analyzing module ddr4_0_ddr4_phy_v2_2_0_xiphy_byte_wrapper__parameterized0
INFO: [VRFC 10-311] analyzing module ddr4_0_ddr4_phy_v2_2_0_xiphy_byte_wrapper__parameterized1
INFO: [VRFC 10-311] analyzing module ddr4_0_ddr4_phy_v2_2_0_xiphy_byte_wrapper__parameterized2
INFO: [VRFC 10-311] analyzing module ddr4_0_ddr4_phy_v2_2_0_xiphy_byte_wrapper__parameterized2_614
INFO: [VRFC 10-311] analyzing module ddr4_0_ddr4_phy_v2_2_0_xiphy_byte_wrapper__parameterized2_615
INFO: [VRFC 10-311] analyzing module ddr4_0_ddr4_phy_v2_2_0_xiphy_byte_wrapper__parameterized2_616
INFO: [VRFC 10-311] analyzing module ddr4_0_ddr4_phy_v2_2_0_xiphy_control_wrapper
INFO: [VRFC 10-311] analyzing module ddr4_0_ddr4_phy_v2_2_0_xiphy_control_wrapper_688
INFO: [VRFC 10-311] analyzing module ddr4_0_ddr4_phy_v2_2_0_xiphy_control_wrapper_689
INFO: [VRFC 10-311] analyzing module ddr4_0_ddr4_phy_v2_2_0_xiphy_control_wrapper_704
INFO: [VRFC 10-311] analyzing module ddr4_0_ddr4_phy_v2_2_0_xiphy_control_wrapper_705
INFO: [VRFC 10-311] analyzing module ddr4_0_ddr4_phy_v2_2_0_xiphy_control_wrapper__parameterized0
INFO: [VRFC 10-311] analyzing module ddr4_0_ddr4_phy_v2_2_0_xiphy_control_wrapper__parameterized0_636
INFO: [VRFC 10-311] analyzing module ddr4_0_ddr4_phy_v2_2_0_xiphy_control_wrapper__parameterized0_651
INFO: [VRFC 10-311] analyzing module ddr4_0_ddr4_phy_v2_2_0_xiphy_control_wrapper__parameterized0_666
INFO: [VRFC 10-311] analyzing module ddr4_0_ddr4_phy_v2_2_0_xiphy_control_wrapper__parameterized1
INFO: [VRFC 10-311] analyzing module ddr4_0_ddr4_phy_v2_2_0_xiphy_control_wrapper__parameterized1_637
INFO: [VRFC 10-311] analyzing module ddr4_0_ddr4_phy_v2_2_0_xiphy_control_wrapper__parameterized1_652
INFO: [VRFC 10-311] analyzing module ddr4_0_ddr4_phy_v2_2_0_xiphy_control_wrapper__parameterized1_667
INFO: [VRFC 10-311] analyzing module ddr4_0_ddr4_phy_v2_2_0_xiphy_riuor_wrapper
INFO: [VRFC 10-311] analyzing module ddr4_0_ddr4_phy_v2_2_0_xiphy_riuor_wrapper_640
INFO: [VRFC 10-311] analyzing module ddr4_0_ddr4_phy_v2_2_0_xiphy_riuor_wrapper_655
INFO: [VRFC 10-311] analyzing module ddr4_0_ddr4_phy_v2_2_0_xiphy_riuor_wrapper_670
INFO: [VRFC 10-311] analyzing module ddr4_0_ddr4_phy_v2_2_0_xiphy_riuor_wrapper_676
INFO: [VRFC 10-311] analyzing module ddr4_0_ddr4_phy_v2_2_0_xiphy_riuor_wrapper_692
INFO: [VRFC 10-311] analyzing module ddr4_0_ddr4_phy_v2_2_0_xiphy_riuor_wrapper_708
INFO: [VRFC 10-311] analyzing module ddr4_0_ddr4_phy_v2_2_0_xiphy_tristate_wrapper
INFO: [VRFC 10-311] analyzing module ddr4_0_ddr4_phy_v2_2_0_xiphy_tristate_wrapper_625
INFO: [VRFC 10-311] analyzing module ddr4_0_ddr4_phy_v2_2_0_xiphy_tristate_wrapper_638
INFO: [VRFC 10-311] analyzing module ddr4_0_ddr4_phy_v2_2_0_xiphy_tristate_wrapper_639
INFO: [VRFC 10-311] analyzing module ddr4_0_ddr4_phy_v2_2_0_xiphy_tristate_wrapper_653
INFO: [VRFC 10-311] analyzing module ddr4_0_ddr4_phy_v2_2_0_xiphy_tristate_wrapper_654
INFO: [VRFC 10-311] analyzing module ddr4_0_ddr4_phy_v2_2_0_xiphy_tristate_wrapper_668
INFO: [VRFC 10-311] analyzing module ddr4_0_ddr4_phy_v2_2_0_xiphy_tristate_wrapper_669
INFO: [VRFC 10-311] analyzing module ddr4_0_ddr4_phy_v2_2_0_xiphy_tristate_wrapper_675
INFO: [VRFC 10-311] analyzing module ddr4_0_ddr4_phy_v2_2_0_xiphy_tristate_wrapper_690
INFO: [VRFC 10-311] analyzing module ddr4_0_ddr4_phy_v2_2_0_xiphy_tristate_wrapper_691
INFO: [VRFC 10-311] analyzing module ddr4_0_ddr4_phy_v2_2_0_xiphy_tristate_wrapper_706
INFO: [VRFC 10-311] analyzing module ddr4_0_ddr4_phy_v2_2_0_xiphy_tristate_wrapper_707
INFO: [VRFC 10-311] analyzing module ddr4_0_ddr4_v2_2_10_axi
INFO: [VRFC 10-311] analyzing module ddr4_0_ddr4_v2_2_10_axi_ar_channel
INFO: [VRFC 10-311] analyzing module ddr4_0_ddr4_v2_2_10_axi_aw_channel
INFO: [VRFC 10-311] analyzing module ddr4_0_ddr4_v2_2_10_axi_b_channel
INFO: [VRFC 10-311] analyzing module ddr4_0_ddr4_v2_2_10_axi_cmd_arbiter
INFO: [VRFC 10-311] analyzing module ddr4_0_ddr4_v2_2_10_axi_cmd_fsm
INFO: [VRFC 10-311] analyzing module ddr4_0_ddr4_v2_2_10_axi_cmd_translator
INFO: [VRFC 10-311] analyzing module ddr4_0_ddr4_v2_2_10_axi_cmd_translator__parameterized0
INFO: [VRFC 10-311] analyzing module ddr4_0_ddr4_v2_2_10_axi_fifo
INFO: [VRFC 10-311] analyzing module ddr4_0_ddr4_v2_2_10_axi_fifo__parameterized0
INFO: [VRFC 10-311] analyzing module ddr4_0_ddr4_v2_2_10_axi_fifo__parameterized1
INFO: [VRFC 10-311] analyzing module ddr4_0_ddr4_v2_2_10_axi_incr_cmd
INFO: [VRFC 10-311] analyzing module ddr4_0_ddr4_v2_2_10_axi_incr_cmd__parameterized0
INFO: [VRFC 10-311] analyzing module ddr4_0_ddr4_v2_2_10_axi_r_channel
INFO: [VRFC 10-311] analyzing module ddr4_0_ddr4_v2_2_10_axi_w_channel
INFO: [VRFC 10-311] analyzing module ddr4_0_ddr4_v2_2_10_axi_wr_cmd_fsm
INFO: [VRFC 10-311] analyzing module ddr4_0_ddr4_v2_2_10_axi_wrap_cmd
INFO: [VRFC 10-311] analyzing module ddr4_0_ddr4_v2_2_10_axi_wrap_cmd__parameterized0
INFO: [VRFC 10-311] analyzing module ddr4_0_ddr4_v2_2_10_bram_tdp
INFO: [VRFC 10-311] analyzing module ddr4_0_ddr4_v2_2_10_cal
INFO: [VRFC 10-311] analyzing module ddr4_0_ddr4_v2_2_10_cal_addr_decode
INFO: [VRFC 10-311] analyzing module ddr4_0_ddr4_v2_2_10_cal_config_rom
INFO: [VRFC 10-311] analyzing module ddr4_0_ddr4_v2_2_10_cal_cplx
INFO: [VRFC 10-311] analyzing module ddr4_0_ddr4_v2_2_10_cal_cplx_data
INFO: [VRFC 10-311] analyzing module ddr4_0_ddr4_v2_2_10_cal_mc_odt
INFO: [VRFC 10-311] analyzing module ddr4_0_ddr4_v2_2_10_cal_mc_odt__parameterized0
INFO: [VRFC 10-311] analyzing module ddr4_0_ddr4_v2_2_10_cal_pi
INFO: [VRFC 10-311] analyzing module ddr4_0_ddr4_v2_2_10_cal_rd_en
INFO: [VRFC 10-311] analyzing module ddr4_0_ddr4_v2_2_10_cal_rd_en_12
INFO: [VRFC 10-311] analyzing module ddr4_0_ddr4_v2_2_10_cal_rd_en_13
INFO: [VRFC 10-311] analyzing module ddr4_0_ddr4_v2_2_10_cal_rd_en_14
INFO: [VRFC 10-311] analyzing module ddr4_0_ddr4_v2_2_10_cal_rd_en_15
INFO: [VRFC 10-311] analyzing module ddr4_0_ddr4_v2_2_10_cal_rd_en_16
INFO: [VRFC 10-311] analyzing module ddr4_0_ddr4_v2_2_10_cal_rd_en_17
INFO: [VRFC 10-311] analyzing module ddr4_0_ddr4_v2_2_10_cal_rd_en_18
INFO: [VRFC 10-311] analyzing module ddr4_0_ddr4_v2_2_10_cal_read
INFO: [VRFC 10-311] analyzing module ddr4_0_ddr4_v2_2_10_cal_sync
INFO: [VRFC 10-311] analyzing module ddr4_0_ddr4_v2_2_10_cal_sync_57
INFO: [VRFC 10-311] analyzing module ddr4_0_ddr4_v2_2_10_cal_sync_58
INFO: [VRFC 10-311] analyzing module ddr4_0_ddr4_v2_2_10_cal_sync__parameterized0
INFO: [VRFC 10-311] analyzing module ddr4_0_ddr4_v2_2_10_cal_sync__parameterized1
INFO: [VRFC 10-311] analyzing module ddr4_0_ddr4_v2_2_10_cal_sync__parameterized2
INFO: [VRFC 10-311] analyzing module ddr4_0_ddr4_v2_2_10_cal_sync__parameterized3
INFO: [VRFC 10-311] analyzing module ddr4_0_ddr4_v2_2_10_cal_sync__parameterized4
INFO: [VRFC 10-311] analyzing module ddr4_0_ddr4_v2_2_10_cal_sync__parameterized4_0
INFO: [VRFC 10-311] analyzing module ddr4_0_ddr4_v2_2_10_cal_sync__parameterized4_3
INFO: [VRFC 10-311] analyzing module ddr4_0_ddr4_v2_2_10_cal_sync__parameterized4_7
INFO: [VRFC 10-311] analyzing module ddr4_0_ddr4_v2_2_10_cal_sync__parameterized5
INFO: [VRFC 10-311] analyzing module ddr4_0_ddr4_v2_2_10_cal_sync__parameterized6
INFO: [VRFC 10-311] analyzing module ddr4_0_ddr4_v2_2_10_cal_sync__parameterized7
INFO: [VRFC 10-311] analyzing module ddr4_0_ddr4_v2_2_10_cal_sync__parameterized7_4
INFO: [VRFC 10-311] analyzing module ddr4_0_ddr4_v2_2_10_cal_sync__parameterized7_5
INFO: [VRFC 10-311] analyzing module ddr4_0_ddr4_v2_2_10_cal_sync__parameterized7_6
INFO: [VRFC 10-311] analyzing module ddr4_0_ddr4_v2_2_10_cal_sync__parameterized7_8
INFO: [VRFC 10-311] analyzing module ddr4_0_ddr4_v2_2_10_cal_sync__parameterized8
INFO: [VRFC 10-311] analyzing module ddr4_0_ddr4_v2_2_10_cal_sync__parameterized8_1
INFO: [VRFC 10-311] analyzing module ddr4_0_ddr4_v2_2_10_cal_sync__parameterized9
INFO: [VRFC 10-311] analyzing module ddr4_0_ddr4_v2_2_10_cal_sync__parameterized9_2
INFO: [VRFC 10-311] analyzing module ddr4_0_ddr4_v2_2_10_cal_top
INFO: [VRFC 10-311] analyzing module ddr4_0_ddr4_v2_2_10_cal_wr_bit
INFO: [VRFC 10-311] analyzing module ddr4_0_ddr4_v2_2_10_cal_wr_bit_22
INFO: [VRFC 10-311] analyzing module ddr4_0_ddr4_v2_2_10_cal_wr_bit_23
INFO: [VRFC 10-311] analyzing module ddr4_0_ddr4_v2_2_10_cal_wr_bit_24
INFO: [VRFC 10-311] analyzing module ddr4_0_ddr4_v2_2_10_cal_wr_bit_25
INFO: [VRFC 10-311] analyzing module ddr4_0_ddr4_v2_2_10_cal_wr_bit_26
INFO: [VRFC 10-311] analyzing module ddr4_0_ddr4_v2_2_10_cal_wr_bit_27
INFO: [VRFC 10-311] analyzing module ddr4_0_ddr4_v2_2_10_cal_wr_bit_28
INFO: [VRFC 10-311] analyzing module ddr4_0_ddr4_v2_2_10_cal_wr_bit_29
INFO: [VRFC 10-311] analyzing module ddr4_0_ddr4_v2_2_10_cal_wr_bit_30
INFO: [VRFC 10-311] analyzing module ddr4_0_ddr4_v2_2_10_cal_wr_bit_31
INFO: [VRFC 10-311] analyzing module ddr4_0_ddr4_v2_2_10_cal_wr_bit_32
INFO: [VRFC 10-311] analyzing module ddr4_0_ddr4_v2_2_10_cal_wr_bit_33
INFO: [VRFC 10-311] analyzing module ddr4_0_ddr4_v2_2_10_cal_wr_bit_34
INFO: [VRFC 10-311] analyzing module ddr4_0_ddr4_v2_2_10_cal_wr_bit_35
INFO: [VRFC 10-311] analyzing module ddr4_0_ddr4_v2_2_10_cal_wr_bit_36
INFO: [VRFC 10-311] analyzing module ddr4_0_ddr4_v2_2_10_cal_wr_bit_37
INFO: [VRFC 10-311] analyzing module ddr4_0_ddr4_v2_2_10_cal_wr_bit_38
INFO: [VRFC 10-311] analyzing module ddr4_0_ddr4_v2_2_10_cal_wr_bit_39
INFO: [VRFC 10-311] analyzing module ddr4_0_ddr4_v2_2_10_cal_wr_bit_40
INFO: [VRFC 10-311] analyzing module ddr4_0_ddr4_v2_2_10_cal_wr_bit_41
INFO: [VRFC 10-311] analyzing module ddr4_0_ddr4_v2_2_10_cal_wr_bit_42
INFO: [VRFC 10-311] analyzing module ddr4_0_ddr4_v2_2_10_cal_wr_bit_43
INFO: [VRFC 10-311] analyzing module ddr4_0_ddr4_v2_2_10_cal_wr_bit_44
INFO: [VRFC 10-311] analyzing module ddr4_0_ddr4_v2_2_10_cal_wr_bit_45
INFO: [VRFC 10-311] analyzing module ddr4_0_ddr4_v2_2_10_cal_wr_bit_46
INFO: [VRFC 10-311] analyzing module ddr4_0_ddr4_v2_2_10_cal_wr_bit_47
INFO: [VRFC 10-311] analyzing module ddr4_0_ddr4_v2_2_10_cal_wr_bit_48
INFO: [VRFC 10-311] analyzing module ddr4_0_ddr4_v2_2_10_cal_wr_bit_49
INFO: [VRFC 10-311] analyzing module ddr4_0_ddr4_v2_2_10_cal_wr_bit_50
INFO: [VRFC 10-311] analyzing module ddr4_0_ddr4_v2_2_10_cal_wr_bit_51
INFO: [VRFC 10-311] analyzing module ddr4_0_ddr4_v2_2_10_cal_wr_bit_52
INFO: [VRFC 10-311] analyzing module ddr4_0_ddr4_v2_2_10_cal_wr_bit_53
INFO: [VRFC 10-311] analyzing module ddr4_0_ddr4_v2_2_10_cal_wr_bit_54
INFO: [VRFC 10-311] analyzing module ddr4_0_ddr4_v2_2_10_cal_wr_bit_55
INFO: [VRFC 10-311] analyzing module ddr4_0_ddr4_v2_2_10_cal_wr_bit_56
INFO: [VRFC 10-311] analyzing module ddr4_0_ddr4_v2_2_10_cal_wr_byte
INFO: [VRFC 10-311] analyzing module ddr4_0_ddr4_v2_2_10_cal_wr_byte_19
INFO: [VRFC 10-311] analyzing module ddr4_0_ddr4_v2_2_10_cal_wr_byte_20
INFO: [VRFC 10-311] analyzing module ddr4_0_ddr4_v2_2_10_cal_wr_byte_21
INFO: [VRFC 10-311] analyzing module ddr4_0_ddr4_v2_2_10_cal_write
INFO: [VRFC 10-311] analyzing module ddr4_0_ddr4_v2_2_10_cal_xsdb_arbiter
INFO: [VRFC 10-311] analyzing module ddr4_0_ddr4_v2_2_10_cal_xsdb_bram
INFO: [VRFC 10-311] analyzing module ddr4_0_ddr4_v2_2_10_cfg_mem_mod
INFO: [VRFC 10-311] analyzing module ddr4_0_ddr4_v2_2_10_chipscope_xsdb_slave
INFO: [VRFC 10-311] analyzing module ddr4_0_ddr4_v2_2_10_infrastructure
INFO: [VRFC 10-311] analyzing module ddr4_0_ddr4_v2_2_10_mc
INFO: [VRFC 10-311] analyzing module ddr4_0_ddr4_v2_2_10_mc_act_rank
INFO: [VRFC 10-311] analyzing module ddr4_0_ddr4_v2_2_10_mc_act_timer
INFO: [VRFC 10-311] analyzing module ddr4_0_ddr4_v2_2_10_mc_arb_a
INFO: [VRFC 10-311] analyzing module ddr4_0_ddr4_v2_2_10_mc_arb_c
INFO: [VRFC 10-311] analyzing module ddr4_0_ddr4_v2_2_10_mc_arb_mux_p
INFO: [VRFC 10-311] analyzing module ddr4_0_ddr4_v2_2_10_mc_arb_p
INFO: [VRFC 10-311] analyzing module ddr4_0_ddr4_v2_2_10_mc_cmd_mux_ap
INFO: [VRFC 10-311] analyzing module ddr4_0_ddr4_v2_2_10_mc_cmd_mux_c
INFO: [VRFC 10-311] analyzing module ddr4_0_ddr4_v2_2_10_mc_ctl
INFO: [VRFC 10-311] analyzing module ddr4_0_ddr4_v2_2_10_mc_group
INFO: [VRFC 10-311] analyzing module ddr4_0_ddr4_v2_2_10_mc_group_10
INFO: [VRFC 10-311] analyzing module ddr4_0_ddr4_v2_2_10_mc_group_11
INFO: [VRFC 10-311] analyzing module ddr4_0_ddr4_v2_2_10_mc_group_9
INFO: [VRFC 10-311] analyzing module ddr4_0_ddr4_v2_2_10_mc_periodic
INFO: [VRFC 10-311] analyzing module ddr4_0_ddr4_v2_2_10_mc_rd_wr
INFO: [VRFC 10-311] analyzing module ddr4_0_ddr4_v2_2_10_mc_ref
INFO: [VRFC 10-311] analyzing module ddr4_0_ddr4_v2_2_10_mc_wtr
INFO: [VRFC 10-311] analyzing module ddr4_0_ddr4_v2_2_10_ui
INFO: [VRFC 10-311] analyzing module ddr4_0_ddr4_v2_2_10_ui_cmd
INFO: [VRFC 10-311] analyzing module ddr4_0_ddr4_v2_2_10_ui_rd_data
INFO: [VRFC 10-311] analyzing module ddr4_0_ddr4_v2_2_10_ui_wr_data
INFO: [VRFC 10-311] analyzing module ddr4_0_iomodule
INFO: [VRFC 10-311] analyzing module ddr4_0_lmb_bram_if_cntlr
INFO: [VRFC 10-311] analyzing module ddr4_0_lmb_bram_if_cntlr__parameterized1
INFO: [VRFC 10-311] analyzing module ddr4_0_lmb_bram_if_cntlr__parameterized3
INFO: [VRFC 10-311] analyzing module ddr4_0_lmb_bram_if_cntlr__parameterized5
INFO: [VRFC 10-311] analyzing module ddr4_0_lmb_bram_if_cntlr_v4_0_19_pselect_mask
INFO: [VRFC 10-311] analyzing module ddr4_0_lmb_mux
INFO: [VRFC 10-311] analyzing module ddr4_0_lmb_v10
INFO: [VRFC 10-311] analyzing module ddr4_0_lmb_v10__parameterized1
INFO: [VRFC 10-311] analyzing module ddr4_0_lpf
INFO: [VRFC 10-311] analyzing module ddr4_0_proc_sys_reset
INFO: [VRFC 10-311] analyzing module ddr4_0_sequence_psr
INFO: [VRFC 10-311] analyzing module ddr4_0_upcnt_n
INFO: [VRFC 10-311] analyzing module ddr4_0_ALU
INFO: [VRFC 10-311] analyzing module ddr4_0_ALU_Bit
INFO: [VRFC 10-311] analyzing module ddr4_0_ALU_Bit_518
INFO: [VRFC 10-311] analyzing module ddr4_0_ALU_Bit_519
INFO: [VRFC 10-311] analyzing module ddr4_0_ALU_Bit_520
INFO: [VRFC 10-311] analyzing module ddr4_0_ALU_Bit_521
INFO: [VRFC 10-311] analyzing module ddr4_0_ALU_Bit_522
INFO: [VRFC 10-311] analyzing module ddr4_0_ALU_Bit_523
INFO: [VRFC 10-311] analyzing module ddr4_0_ALU_Bit_524
INFO: [VRFC 10-311] analyzing module ddr4_0_ALU_Bit_525
INFO: [VRFC 10-311] analyzing module ddr4_0_ALU_Bit_526
INFO: [VRFC 10-311] analyzing module ddr4_0_ALU_Bit_527
INFO: [VRFC 10-311] analyzing module ddr4_0_ALU_Bit_528
INFO: [VRFC 10-311] analyzing module ddr4_0_ALU_Bit_529
INFO: [VRFC 10-311] analyzing module ddr4_0_ALU_Bit_530
INFO: [VRFC 10-311] analyzing module ddr4_0_ALU_Bit_531
INFO: [VRFC 10-311] analyzing module ddr4_0_ALU_Bit_532
INFO: [VRFC 10-311] analyzing module ddr4_0_ALU_Bit_533
INFO: [VRFC 10-311] analyzing module ddr4_0_ALU_Bit_534
INFO: [VRFC 10-311] analyzing module ddr4_0_ALU_Bit_535
INFO: [VRFC 10-311] analyzing module ddr4_0_ALU_Bit_536
INFO: [VRFC 10-311] analyzing module ddr4_0_ALU_Bit_537
INFO: [VRFC 10-311] analyzing module ddr4_0_ALU_Bit_538
INFO: [VRFC 10-311] analyzing module ddr4_0_ALU_Bit_539
INFO: [VRFC 10-311] analyzing module ddr4_0_ALU_Bit_540
INFO: [VRFC 10-311] analyzing module ddr4_0_ALU_Bit_541
INFO: [VRFC 10-311] analyzing module ddr4_0_ALU_Bit_542
INFO: [VRFC 10-311] analyzing module ddr4_0_ALU_Bit_543
INFO: [VRFC 10-311] analyzing module ddr4_0_ALU_Bit_544
INFO: [VRFC 10-311] analyzing module ddr4_0_ALU_Bit_545
INFO: [VRFC 10-311] analyzing module ddr4_0_ALU_Bit_546
INFO: [VRFC 10-311] analyzing module ddr4_0_ALU_Bit_547
INFO: [VRFC 10-311] analyzing module ddr4_0_ALU_Bit__parameterized2
INFO: [VRFC 10-311] analyzing module ddr4_0_Barrel_Shifter_gti
INFO: [VRFC 10-311] analyzing module ddr4_0_Byte_Doublet_Handle_gti
INFO: [VRFC 10-311] analyzing module ddr4_0_Data_Flow_Logic
INFO: [VRFC 10-311] analyzing module ddr4_0_Data_Flow_gti
INFO: [VRFC 10-311] analyzing module ddr4_0_Decode_gti
INFO: [VRFC 10-311] analyzing module ddr4_0_Div_unit_gti
INFO: [VRFC 10-311] analyzing module ddr4_0_MB_AND2B1L
INFO: [VRFC 10-311] analyzing module ddr4_0_MB_DSP48E1
INFO: [VRFC 10-311] analyzing module ddr4_0_MB_DSP48E1__parameterized1
INFO: [VRFC 10-311] analyzing module ddr4_0_MB_DSP48E1__parameterized3
INFO: [VRFC 10-311] analyzing module ddr4_0_MB_FDS
INFO: [VRFC 10-311] analyzing module ddr4_0_MB_LUT4
INFO: [VRFC 10-311] analyzing module ddr4_0_MB_LUT4__parameterized1
INFO: [VRFC 10-311] analyzing module ddr4_0_MB_LUT4__parameterized1_346
INFO: [VRFC 10-311] analyzing module ddr4_0_MB_LUT4__parameterized1_348
INFO: [VRFC 10-311] analyzing module ddr4_0_MB_LUT4__parameterized1_350
INFO: [VRFC 10-311] analyzing module ddr4_0_MB_LUT4__parameterized1_352
INFO: [VRFC 10-311] analyzing module ddr4_0_MB_LUT4__parameterized1_354
INFO: [VRFC 10-311] analyzing module ddr4_0_MB_LUT4__parameterized1_356
INFO: [VRFC 10-311] analyzing module ddr4_0_MB_LUT4__parameterized1_358
INFO: [VRFC 10-311] analyzing module ddr4_0_MB_LUT4__parameterized1_360
INFO: [VRFC 10-311] analyzing module ddr4_0_MB_LUT4__parameterized1_362
INFO: [VRFC 10-311] analyzing module ddr4_0_MB_LUT4__parameterized1_364
INFO: [VRFC 10-311] analyzing module ddr4_0_MB_LUT4__parameterized1_366
INFO: [VRFC 10-311] analyzing module ddr4_0_MB_LUT4__parameterized1_368
INFO: [VRFC 10-311] analyzing module ddr4_0_MB_LUT4__parameterized1_370
INFO: [VRFC 10-311] analyzing module ddr4_0_MB_LUT4__parameterized1_372
INFO: [VRFC 10-311] analyzing module ddr4_0_MB_LUT4__parameterized1_374
INFO: [VRFC 10-311] analyzing module ddr4_0_MB_LUT4__parameterized1_376
INFO: [VRFC 10-311] analyzing module ddr4_0_MB_LUT4__parameterized1_378
INFO: [VRFC 10-311] analyzing module ddr4_0_MB_LUT4__parameterized1_380
INFO: [VRFC 10-311] analyzing module ddr4_0_MB_LUT4__parameterized1_382
INFO: [VRFC 10-311] analyzing module ddr4_0_MB_LUT4__parameterized1_384
INFO: [VRFC 10-311] analyzing module ddr4_0_MB_LUT4__parameterized1_386
INFO: [VRFC 10-311] analyzing module ddr4_0_MB_LUT4__parameterized1_388
INFO: [VRFC 10-311] analyzing module ddr4_0_MB_LUT4__parameterized1_390
INFO: [VRFC 10-311] analyzing module ddr4_0_MB_LUT4__parameterized1_392
INFO: [VRFC 10-311] analyzing module ddr4_0_MB_LUT4__parameterized1_394
INFO: [VRFC 10-311] analyzing module ddr4_0_MB_LUT4__parameterized1_396
INFO: [VRFC 10-311] analyzing module ddr4_0_MB_LUT4__parameterized1_398
INFO: [VRFC 10-311] analyzing module ddr4_0_MB_LUT4__parameterized1_400
INFO: [VRFC 10-311] analyzing module ddr4_0_MB_LUT4__parameterized1_402
INFO: [VRFC 10-311] analyzing module ddr4_0_MB_LUT4__parameterized1_404
INFO: [VRFC 10-311] analyzing module ddr4_0_MB_LUT4__parameterized1_406
INFO: [VRFC 10-311] analyzing module ddr4_0_MB_LUT6_2
INFO: [VRFC 10-311] analyzing module ddr4_0_MB_LUT6_2_549
INFO: [VRFC 10-311] analyzing module ddr4_0_MB_LUT6_2_551
INFO: [VRFC 10-311] analyzing module ddr4_0_MB_LUT6_2_553
INFO: [VRFC 10-311] analyzing module ddr4_0_MB_LUT6_2_555
INFO: [VRFC 10-311] analyzing module ddr4_0_MB_LUT6_2_557
INFO: [VRFC 10-311] analyzing module ddr4_0_MB_LUT6_2_559
INFO: [VRFC 10-311] analyzing module ddr4_0_MB_LUT6_2_561
INFO: [VRFC 10-311] analyzing module ddr4_0_MB_LUT6_2_563
INFO: [VRFC 10-311] analyzing module ddr4_0_MB_LUT6_2_565
INFO: [VRFC 10-311] analyzing module ddr4_0_MB_LUT6_2_567
INFO: [VRFC 10-311] analyzing module ddr4_0_MB_LUT6_2_569
INFO: [VRFC 10-311] analyzing module ddr4_0_MB_LUT6_2_571
INFO: [VRFC 10-311] analyzing module ddr4_0_MB_LUT6_2_573
INFO: [VRFC 10-311] analyzing module ddr4_0_MB_LUT6_2_575
INFO: [VRFC 10-311] analyzing module ddr4_0_MB_LUT6_2_577
INFO: [VRFC 10-311] analyzing module ddr4_0_MB_LUT6_2_579
INFO: [VRFC 10-311] analyzing module ddr4_0_MB_LUT6_2_581
INFO: [VRFC 10-311] analyzing module ddr4_0_MB_LUT6_2_583
INFO: [VRFC 10-311] analyzing module ddr4_0_MB_LUT6_2_585
INFO: [VRFC 10-311] analyzing module ddr4_0_MB_LUT6_2_587
INFO: [VRFC 10-311] analyzing module ddr4_0_MB_LUT6_2_589
INFO: [VRFC 10-311] analyzing module ddr4_0_MB_LUT6_2_591
INFO: [VRFC 10-311] analyzing module ddr4_0_MB_LUT6_2_593
INFO: [VRFC 10-311] analyzing module ddr4_0_MB_LUT6_2_595
INFO: [VRFC 10-311] analyzing module ddr4_0_MB_LUT6_2_597
INFO: [VRFC 10-311] analyzing module ddr4_0_MB_LUT6_2_599
INFO: [VRFC 10-311] analyzing module ddr4_0_MB_LUT6_2_601
INFO: [VRFC 10-311] analyzing module ddr4_0_MB_LUT6_2_603
INFO: [VRFC 10-311] analyzing module ddr4_0_MB_LUT6_2_605
INFO: [VRFC 10-311] analyzing module ddr4_0_MB_LUT6_2_607
INFO: [VRFC 10-311] analyzing module ddr4_0_MB_RAM32M
INFO: [VRFC 10-311] analyzing module ddr4_0_MB_RAM32M_407
INFO: [VRFC 10-311] analyzing module ddr4_0_MB_RAM32M_408
INFO: [VRFC 10-311] analyzing module ddr4_0_MB_RAM32M_409
INFO: [VRFC 10-311] analyzing module ddr4_0_MB_RAM32M_410
INFO: [VRFC 10-311] analyzing module ddr4_0_MB_RAM32M_411
INFO: [VRFC 10-311] analyzing module ddr4_0_MB_RAM32M_412
INFO: [VRFC 10-311] analyzing module ddr4_0_MB_RAM32M_413
INFO: [VRFC 10-311] analyzing module ddr4_0_MB_RAM32M_414
INFO: [VRFC 10-311] analyzing module ddr4_0_MB_RAM32M_415
INFO: [VRFC 10-311] analyzing module ddr4_0_MB_RAM32M_416
INFO: [VRFC 10-311] analyzing module ddr4_0_MB_RAM32M_417
INFO: [VRFC 10-311] analyzing module ddr4_0_MB_RAM32M_418
INFO: [VRFC 10-311] analyzing module ddr4_0_MB_RAM32M_419
INFO: [VRFC 10-311] analyzing module ddr4_0_MB_RAM32M_420
INFO: [VRFC 10-311] analyzing module ddr4_0_MB_RAM32M_421
INFO: [VRFC 10-311] analyzing module ddr4_0_MicroBlaze
INFO: [VRFC 10-311] analyzing module ddr4_0_MicroBlaze_Core
INFO: [VRFC 10-311] analyzing module ddr4_0_MicroBlaze_GTi
INFO: [VRFC 10-311] analyzing module ddr4_0_Operand_Select_gti
INFO: [VRFC 10-311] analyzing module ddr4_0_PC_Module_gti
INFO: [VRFC 10-311] analyzing module ddr4_0_PreFetch_Buffer_gti
INFO: [VRFC 10-311] analyzing module ddr4_0_Register_File_gti
INFO: [VRFC 10-311] analyzing module ddr4_0_Shift_Logic_Module_gti
INFO: [VRFC 10-311] analyzing module ddr4_0_Zero_Detect_gti
INFO: [VRFC 10-311] analyzing module ddr4_0_blk_mem_gen_generic_cstr
INFO: [VRFC 10-311] analyzing module ddr4_0_blk_mem_gen_generic_cstr__parameterized0
INFO: [VRFC 10-311] analyzing module ddr4_0_blk_mem_gen_prim_width
INFO: [VRFC 10-311] analyzing module ddr4_0_blk_mem_gen_prim_width__parameterized0
INFO: [VRFC 10-311] analyzing module ddr4_0_blk_mem_gen_prim_width__parameterized1
INFO: [VRFC 10-311] analyzing module ddr4_0_blk_mem_gen_prim_width__parameterized10
INFO: [VRFC 10-311] analyzing module ddr4_0_blk_mem_gen_prim_width__parameterized11
INFO: [VRFC 10-311] analyzing module ddr4_0_blk_mem_gen_prim_width__parameterized12
INFO: [VRFC 10-311] analyzing module ddr4_0_blk_mem_gen_prim_width__parameterized13
INFO: [VRFC 10-311] analyzing module ddr4_0_blk_mem_gen_prim_width__parameterized14
INFO: [VRFC 10-311] analyzing module ddr4_0_blk_mem_gen_prim_width__parameterized15
INFO: [VRFC 10-311] analyzing module ddr4_0_blk_mem_gen_prim_width__parameterized16
INFO: [VRFC 10-311] analyzing module ddr4_0_blk_mem_gen_prim_width__parameterized17
INFO: [VRFC 10-311] analyzing module ddr4_0_blk_mem_gen_prim_width__parameterized18
INFO: [VRFC 10-311] analyzing module ddr4_0_blk_mem_gen_prim_width__parameterized19
INFO: [VRFC 10-311] analyzing module ddr4_0_blk_mem_gen_prim_width__parameterized2
INFO: [VRFC 10-311] analyzing module ddr4_0_blk_mem_gen_prim_width__parameterized20
INFO: [VRFC 10-311] analyzing module ddr4_0_blk_mem_gen_prim_width__parameterized21
INFO: [VRFC 10-311] analyzing module ddr4_0_blk_mem_gen_prim_width__parameterized22
INFO: [VRFC 10-311] analyzing module ddr4_0_blk_mem_gen_prim_width__parameterized3
INFO: [VRFC 10-311] analyzing module ddr4_0_blk_mem_gen_prim_width__parameterized4
INFO: [VRFC 10-311] analyzing module ddr4_0_blk_mem_gen_prim_width__parameterized5
INFO: [VRFC 10-311] analyzing module ddr4_0_blk_mem_gen_prim_width__parameterized6
INFO: [VRFC 10-311] analyzing module ddr4_0_blk_mem_gen_prim_width__parameterized7
INFO: [VRFC 10-311] analyzing module ddr4_0_blk_mem_gen_prim_width__parameterized8
INFO: [VRFC 10-311] analyzing module ddr4_0_blk_mem_gen_prim_width__parameterized9
INFO: [VRFC 10-311] analyzing module ddr4_0_blk_mem_gen_prim_wrapper
INFO: [VRFC 10-311] analyzing module ddr4_0_blk_mem_gen_prim_wrapper__parameterized0
INFO: [VRFC 10-311] analyzing module ddr4_0_blk_mem_gen_prim_wrapper__parameterized1
INFO: [VRFC 10-311] analyzing module ddr4_0_blk_mem_gen_prim_wrapper__parameterized10
INFO: [VRFC 10-311] analyzing module ddr4_0_blk_mem_gen_prim_wrapper__parameterized11
INFO: [VRFC 10-311] analyzing module ddr4_0_blk_mem_gen_prim_wrapper__parameterized12
INFO: [VRFC 10-311] analyzing module ddr4_0_blk_mem_gen_prim_wrapper__parameterized13
INFO: [VRFC 10-311] analyzing module ddr4_0_blk_mem_gen_prim_wrapper__parameterized14
INFO: [VRFC 10-311] analyzing module ddr4_0_blk_mem_gen_prim_wrapper__parameterized15
INFO: [VRFC 10-311] analyzing module ddr4_0_blk_mem_gen_prim_wrapper__parameterized16
INFO: [VRFC 10-311] analyzing module ddr4_0_blk_mem_gen_prim_wrapper__parameterized17
INFO: [VRFC 10-311] analyzing module ddr4_0_blk_mem_gen_prim_wrapper__parameterized18
INFO: [VRFC 10-311] analyzing module ddr4_0_blk_mem_gen_prim_wrapper__parameterized19
INFO: [VRFC 10-311] analyzing module ddr4_0_blk_mem_gen_prim_wrapper__parameterized2
INFO: [VRFC 10-311] analyzing module ddr4_0_blk_mem_gen_prim_wrapper__parameterized20
INFO: [VRFC 10-311] analyzing module ddr4_0_blk_mem_gen_prim_wrapper__parameterized21
INFO: [VRFC 10-311] analyzing module ddr4_0_blk_mem_gen_prim_wrapper__parameterized22
INFO: [VRFC 10-311] analyzing module ddr4_0_blk_mem_gen_prim_wrapper__parameterized3
INFO: [VRFC 10-311] analyzing module ddr4_0_blk_mem_gen_prim_wrapper__parameterized4
INFO: [VRFC 10-311] analyzing module ddr4_0_blk_mem_gen_prim_wrapper__parameterized5
INFO: [VRFC 10-311] analyzing module ddr4_0_blk_mem_gen_prim_wrapper__parameterized6
INFO: [VRFC 10-311] analyzing module ddr4_0_blk_mem_gen_prim_wrapper__parameterized7
INFO: [VRFC 10-311] analyzing module ddr4_0_blk_mem_gen_prim_wrapper__parameterized8
INFO: [VRFC 10-311] analyzing module ddr4_0_blk_mem_gen_prim_wrapper__parameterized9
INFO: [VRFC 10-311] analyzing module ddr4_0_blk_mem_gen_top
INFO: [VRFC 10-311] analyzing module ddr4_0_blk_mem_gen_top__parameterized0
INFO: [VRFC 10-311] analyzing module ddr4_0_blk_mem_gen_v8_4_4
INFO: [VRFC 10-311] analyzing module ddr4_0_blk_mem_gen_v8_4_4__parameterized1
INFO: [VRFC 10-311] analyzing module ddr4_0_blk_mem_gen_v8_4_4_synth
INFO: [VRFC 10-311] analyzing module ddr4_0_blk_mem_gen_v8_4_4_synth__parameterized0
INFO: [VRFC 10-311] analyzing module ddr4_0_carry_and
INFO: [VRFC 10-311] analyzing module ddr4_0_carry_and_61
INFO: [VRFC 10-311] analyzing module ddr4_0_carry_and_62
INFO: [VRFC 10-311] analyzing module ddr4_0_carry_and_63
INFO: [VRFC 10-311] analyzing module ddr4_0_carry_and_64
INFO: [VRFC 10-311] analyzing module ddr4_0_carry_and_65
INFO: [VRFC 10-311] analyzing module ddr4_0_carry_and_66
INFO: [VRFC 10-311] analyzing module ddr4_0_carry_and_67
INFO: [VRFC 10-311] analyzing module ddr4_0_carry_and_68
INFO: [VRFC 10-311] analyzing module ddr4_0_carry_and_69
INFO: [VRFC 10-311] analyzing module ddr4_0_carry_and_70
INFO: [VRFC 10-311] analyzing module ddr4_0_carry_and_87
INFO: [VRFC 10-311] analyzing module ddr4_0_carry_and_88
INFO: [VRFC 10-311] analyzing module ddr4_0_carry_and_89
INFO: [VRFC 10-311] analyzing module ddr4_0_carry_or
INFO: [VRFC 10-311] analyzing module ddr4_0_count_leading_zeros
INFO: [VRFC 10-311] analyzing module ddr4_0_dsp_module
INFO: [VRFC 10-311] analyzing module ddr4_0_dsp_module__parameterized1
INFO: [VRFC 10-311] analyzing module ddr4_0_dsp_module__parameterized3
INFO: [VRFC 10-311] analyzing module ddr4_0_jump_logic
INFO: [VRFC 10-311] analyzing module ddr4_0_microblaze_v11_0_4_MB_FDR
INFO: [VRFC 10-311] analyzing module ddr4_0_microblaze_v11_0_4_MB_FDRE
INFO: [VRFC 10-311] analyzing module ddr4_0_microblaze_v11_0_4_MB_FDRE_454
INFO: [VRFC 10-311] analyzing module ddr4_0_microblaze_v11_0_4_MB_FDRE_455
INFO: [VRFC 10-311] analyzing module ddr4_0_microblaze_v11_0_4_MB_FDRE_456
INFO: [VRFC 10-311] analyzing module ddr4_0_microblaze_v11_0_4_MB_FDRE_457
INFO: [VRFC 10-311] analyzing module ddr4_0_microblaze_v11_0_4_MB_FDRE_458
INFO: [VRFC 10-311] analyzing module ddr4_0_microblaze_v11_0_4_MB_FDRE_459
INFO: [VRFC 10-311] analyzing module ddr4_0_microblaze_v11_0_4_MB_FDRE_460
INFO: [VRFC 10-311] analyzing module ddr4_0_microblaze_v11_0_4_MB_FDRE_461
INFO: [VRFC 10-311] analyzing module ddr4_0_microblaze_v11_0_4_MB_FDRE_462
INFO: [VRFC 10-311] analyzing module ddr4_0_microblaze_v11_0_4_MB_FDRE_463
INFO: [VRFC 10-311] analyzing module ddr4_0_microblaze_v11_0_4_MB_FDRE_464
INFO: [VRFC 10-311] analyzing module ddr4_0_microblaze_v11_0_4_MB_FDRE_465
INFO: [VRFC 10-311] analyzing module ddr4_0_microblaze_v11_0_4_MB_FDRE_466
INFO: [VRFC 10-311] analyzing module ddr4_0_microblaze_v11_0_4_MB_FDRE_467
INFO: [VRFC 10-311] analyzing module ddr4_0_microblaze_v11_0_4_MB_FDRE_468
INFO: [VRFC 10-311] analyzing module ddr4_0_microblaze_v11_0_4_MB_FDRE_469
INFO: [VRFC 10-311] analyzing module ddr4_0_microblaze_v11_0_4_MB_FDRE_470
INFO: [VRFC 10-311] analyzing module ddr4_0_microblaze_v11_0_4_MB_FDRE_471
INFO: [VRFC 10-311] analyzing module ddr4_0_microblaze_v11_0_4_MB_FDRE_472
INFO: [VRFC 10-311] analyzing module ddr4_0_microblaze_v11_0_4_MB_FDRE_473
INFO: [VRFC 10-311] analyzing module ddr4_0_microblaze_v11_0_4_MB_FDRE_474
INFO: [VRFC 10-311] analyzing module ddr4_0_microblaze_v11_0_4_MB_FDRE_475
INFO: [VRFC 10-311] analyzing module ddr4_0_microblaze_v11_0_4_MB_FDRE_476
INFO: [VRFC 10-311] analyzing module ddr4_0_microblaze_v11_0_4_MB_FDRE_477
INFO: [VRFC 10-311] analyzing module ddr4_0_microblaze_v11_0_4_MB_FDRE_478
INFO: [VRFC 10-311] analyzing module ddr4_0_microblaze_v11_0_4_MB_FDRE_479
INFO: [VRFC 10-311] analyzing module ddr4_0_microblaze_v11_0_4_MB_FDRE_480
INFO: [VRFC 10-311] analyzing module ddr4_0_microblaze_v11_0_4_MB_FDRE_481
INFO: [VRFC 10-311] analyzing module ddr4_0_microblaze_v11_0_4_MB_FDRE_482
INFO: [VRFC 10-311] analyzing module ddr4_0_microblaze_v11_0_4_MB_FDRE_483
INFO: [VRFC 10-311] analyzing module ddr4_0_microblaze_v11_0_4_MB_FDRE_484
INFO: [VRFC 10-311] analyzing module ddr4_0_microblaze_v11_0_4_MB_FDRE_485
INFO: [VRFC 10-311] analyzing module ddr4_0_microblaze_v11_0_4_MB_FDRE_71
INFO: [VRFC 10-311] analyzing module ddr4_0_microblaze_v11_0_4_MB_FDRE_72
INFO: [VRFC 10-311] analyzing module ddr4_0_microblaze_v11_0_4_MB_FDRE_73
INFO: [VRFC 10-311] analyzing module ddr4_0_microblaze_v11_0_4_MB_FDRE_74
INFO: [VRFC 10-311] analyzing module ddr4_0_microblaze_v11_0_4_MB_FDRE_75
INFO: [VRFC 10-311] analyzing module ddr4_0_microblaze_v11_0_4_MB_FDRE_76
INFO: [VRFC 10-311] analyzing module ddr4_0_microblaze_v11_0_4_MB_FDR_110
INFO: [VRFC 10-311] analyzing module ddr4_0_microblaze_v11_0_4_MB_FDR_111
INFO: [VRFC 10-311] analyzing module ddr4_0_microblaze_v11_0_4_MB_FDR_113
INFO: [VRFC 10-311] analyzing module ddr4_0_microblaze_v11_0_4_MB_FDR_115
INFO: [VRFC 10-311] analyzing module ddr4_0_microblaze_v11_0_4_MB_FDR_117
INFO: [VRFC 10-311] analyzing module ddr4_0_microblaze_v11_0_4_MB_FDR_119
INFO: [VRFC 10-311] analyzing module ddr4_0_microblaze_v11_0_4_MB_FDR_121
INFO: [VRFC 10-311] analyzing module ddr4_0_microblaze_v11_0_4_MB_FDR_123
INFO: [VRFC 10-311] analyzing module ddr4_0_microblaze_v11_0_4_MB_FDR_125
INFO: [VRFC 10-311] analyzing module ddr4_0_microblaze_v11_0_4_MB_FDR_127
INFO: [VRFC 10-311] analyzing module ddr4_0_microblaze_v11_0_4_MB_FDR_129
INFO: [VRFC 10-311] analyzing module ddr4_0_microblaze_v11_0_4_MB_FDR_131
INFO: [VRFC 10-311] analyzing module ddr4_0_microblaze_v11_0_4_MB_FDR_133
INFO: [VRFC 10-311] analyzing module ddr4_0_microblaze_v11_0_4_MB_FDR_135
INFO: [VRFC 10-311] analyzing module ddr4_0_microblaze_v11_0_4_MB_FDR_137
INFO: [VRFC 10-311] analyzing module ddr4_0_microblaze_v11_0_4_MB_FDR_139
INFO: [VRFC 10-311] analyzing module ddr4_0_microblaze_v11_0_4_MB_FDR_141
INFO: [VRFC 10-311] analyzing module ddr4_0_microblaze_v11_0_4_MB_FDR_143
INFO: [VRFC 10-311] analyzing module ddr4_0_microblaze_v11_0_4_MB_FDR_145
INFO: [VRFC 10-311] analyzing module ddr4_0_microblaze_v11_0_4_MB_FDR_147
INFO: [VRFC 10-311] analyzing module ddr4_0_microblaze_v11_0_4_MB_FDR_149
INFO: [VRFC 10-311] analyzing module ddr4_0_microblaze_v11_0_4_MB_FDR_151
INFO: [VRFC 10-311] analyzing module ddr4_0_microblaze_v11_0_4_MB_FDR_153
INFO: [VRFC 10-311] analyzing module ddr4_0_microblaze_v11_0_4_MB_FDR_155
INFO: [VRFC 10-311] analyzing module ddr4_0_microblaze_v11_0_4_MB_FDR_157
INFO: [VRFC 10-311] analyzing module ddr4_0_microblaze_v11_0_4_MB_FDR_159
INFO: [VRFC 10-311] analyzing module ddr4_0_microblaze_v11_0_4_MB_FDR_161
INFO: [VRFC 10-311] analyzing module ddr4_0_microblaze_v11_0_4_MB_FDR_163
INFO: [VRFC 10-311] analyzing module ddr4_0_microblaze_v11_0_4_MB_FDR_165
INFO: [VRFC 10-311] analyzing module ddr4_0_microblaze_v11_0_4_MB_FDR_167
INFO: [VRFC 10-311] analyzing module ddr4_0_microblaze_v11_0_4_MB_FDR_169
INFO: [VRFC 10-311] analyzing module ddr4_0_microblaze_v11_0_4_MB_FDR_171
INFO: [VRFC 10-311] analyzing module ddr4_0_microblaze_v11_0_4_MB_FDR_173
INFO: [VRFC 10-311] analyzing module ddr4_0_microblaze_v11_0_4_MB_FDR_175
INFO: [VRFC 10-311] analyzing module ddr4_0_microblaze_v11_0_4_MB_FDR_177
INFO: [VRFC 10-311] analyzing module ddr4_0_microblaze_v11_0_4_MB_FDR_179
INFO: [VRFC 10-311] analyzing module ddr4_0_microblaze_v11_0_4_MB_FDR_181
INFO: [VRFC 10-311] analyzing module ddr4_0_microblaze_v11_0_4_MB_FDR_183
INFO: [VRFC 10-311] analyzing module ddr4_0_microblaze_v11_0_4_MB_FDR_185
INFO: [VRFC 10-311] analyzing module ddr4_0_microblaze_v11_0_4_MB_FDR_187
INFO: [VRFC 10-311] analyzing module ddr4_0_microblaze_v11_0_4_MB_FDR_189
INFO: [VRFC 10-311] analyzing module ddr4_0_microblaze_v11_0_4_MB_FDR_191
INFO: [VRFC 10-311] analyzing module ddr4_0_microblaze_v11_0_4_MB_FDR_193
INFO: [VRFC 10-311] analyzing module ddr4_0_microblaze_v11_0_4_MB_FDR_195
INFO: [VRFC 10-311] analyzing module ddr4_0_microblaze_v11_0_4_MB_FDR_197
INFO: [VRFC 10-311] analyzing module ddr4_0_microblaze_v11_0_4_MB_FDR_199
INFO: [VRFC 10-311] analyzing module ddr4_0_microblaze_v11_0_4_MB_FDR_201
INFO: [VRFC 10-311] analyzing module ddr4_0_microblaze_v11_0_4_MB_FDR_203
INFO: [VRFC 10-311] analyzing module ddr4_0_microblaze_v11_0_4_MB_FDR_204
INFO: [VRFC 10-311] analyzing module ddr4_0_microblaze_v11_0_4_MB_FDR_206
INFO: [VRFC 10-311] analyzing module ddr4_0_microblaze_v11_0_4_MB_FDR_208
INFO: [VRFC 10-311] analyzing module ddr4_0_microblaze_v11_0_4_MB_FDR_210
INFO: [VRFC 10-311] analyzing module ddr4_0_microblaze_v11_0_4_MB_FDR_212
INFO: [VRFC 10-311] analyzing module ddr4_0_microblaze_v11_0_4_MB_FDR_214
INFO: [VRFC 10-311] analyzing module ddr4_0_microblaze_v11_0_4_MB_FDR_216
INFO: [VRFC 10-311] analyzing module ddr4_0_microblaze_v11_0_4_MB_FDR_218
INFO: [VRFC 10-311] analyzing module ddr4_0_microblaze_v11_0_4_MB_FDR_220
INFO: [VRFC 10-311] analyzing module ddr4_0_microblaze_v11_0_4_MB_FDR_222
INFO: [VRFC 10-311] analyzing module ddr4_0_microblaze_v11_0_4_MB_FDR_224
INFO: [VRFC 10-311] analyzing module ddr4_0_microblaze_v11_0_4_MB_FDR_226
INFO: [VRFC 10-311] analyzing module ddr4_0_microblaze_v11_0_4_MB_FDR_228
INFO: [VRFC 10-311] analyzing module ddr4_0_microblaze_v11_0_4_MB_FDR_230
INFO: [VRFC 10-311] analyzing module ddr4_0_microblaze_v11_0_4_MB_FDR_232
INFO: [VRFC 10-311] analyzing module ddr4_0_microblaze_v11_0_4_MB_FDR_234
INFO: [VRFC 10-311] analyzing module ddr4_0_microblaze_v11_0_4_MB_FDR_236
INFO: [VRFC 10-311] analyzing module ddr4_0_microblaze_v11_0_4_MB_FDR_238
INFO: [VRFC 10-311] analyzing module ddr4_0_microblaze_v11_0_4_MB_FDR_240
INFO: [VRFC 10-311] analyzing module ddr4_0_microblaze_v11_0_4_MB_FDR_242
INFO: [VRFC 10-311] analyzing module ddr4_0_microblaze_v11_0_4_MB_FDR_244
INFO: [VRFC 10-311] analyzing module ddr4_0_microblaze_v11_0_4_MB_FDR_246
INFO: [VRFC 10-311] analyzing module ddr4_0_microblaze_v11_0_4_MB_FDR_248
INFO: [VRFC 10-311] analyzing module ddr4_0_microblaze_v11_0_4_MB_FDR_250
INFO: [VRFC 10-311] analyzing module ddr4_0_microblaze_v11_0_4_MB_FDR_252
INFO: [VRFC 10-311] analyzing module ddr4_0_microblaze_v11_0_4_MB_FDR_254
INFO: [VRFC 10-311] analyzing module ddr4_0_microblaze_v11_0_4_MB_FDR_256
INFO: [VRFC 10-311] analyzing module ddr4_0_microblaze_v11_0_4_MB_FDR_258
INFO: [VRFC 10-311] analyzing module ddr4_0_microblaze_v11_0_4_MB_FDR_260
INFO: [VRFC 10-311] analyzing module ddr4_0_microblaze_v11_0_4_MB_FDR_262
INFO: [VRFC 10-311] analyzing module ddr4_0_microblaze_v11_0_4_MB_FDR_264
INFO: [VRFC 10-311] analyzing module ddr4_0_microblaze_v11_0_4_MB_FDR_266
INFO: [VRFC 10-311] analyzing module ddr4_0_microblaze_v11_0_4_MB_FDR_297
INFO: [VRFC 10-311] analyzing module ddr4_0_microblaze_v11_0_4_MB_FDR_298
INFO: [VRFC 10-311] analyzing module ddr4_0_microblaze_v11_0_4_MB_FDR_299
INFO: [VRFC 10-311] analyzing module ddr4_0_microblaze_v11_0_4_MB_FDR_300
INFO: [VRFC 10-311] analyzing module ddr4_0_microblaze_v11_0_4_MB_FDR_301
INFO: [VRFC 10-311] analyzing module ddr4_0_microblaze_v11_0_4_MB_FDR_302
INFO: [VRFC 10-311] analyzing module ddr4_0_microblaze_v11_0_4_MB_FDR_303
INFO: [VRFC 10-311] analyzing module ddr4_0_microblaze_v11_0_4_MB_FDR_304
INFO: [VRFC 10-311] analyzing module ddr4_0_microblaze_v11_0_4_MB_LUT6
INFO: [VRFC 10-311] analyzing module ddr4_0_microblaze_v11_0_4_MB_LUT6_112
INFO: [VRFC 10-311] analyzing module ddr4_0_microblaze_v11_0_4_MB_LUT6_114
INFO: [VRFC 10-311] analyzing module ddr4_0_microblaze_v11_0_4_MB_LUT6_116
INFO: [VRFC 10-311] analyzing module ddr4_0_microblaze_v11_0_4_MB_LUT6__parameterized0
INFO: [VRFC 10-311] analyzing module ddr4_0_microblaze_v11_0_4_MB_LUT6__parameterized1
INFO: [VRFC 10-311] analyzing module ddr4_0_microblaze_v11_0_4_MB_LUT6__parameterized12
INFO: [VRFC 10-311] analyzing module ddr4_0_microblaze_v11_0_4_MB_LUT6__parameterized12_486
INFO: [VRFC 10-311] analyzing module ddr4_0_microblaze_v11_0_4_MB_LUT6__parameterized12_487
INFO: [VRFC 10-311] analyzing module ddr4_0_microblaze_v11_0_4_MB_LUT6__parameterized12_488
INFO: [VRFC 10-311] analyzing module ddr4_0_microblaze_v11_0_4_MB_LUT6__parameterized12_489
INFO: [VRFC 10-311] analyzing module ddr4_0_microblaze_v11_0_4_MB_LUT6__parameterized12_490
INFO: [VRFC 10-311] analyzing module ddr4_0_microblaze_v11_0_4_MB_LUT6__parameterized12_491
INFO: [VRFC 10-311] analyzing module ddr4_0_microblaze_v11_0_4_MB_LUT6__parameterized12_492
INFO: [VRFC 10-311] analyzing module ddr4_0_microblaze_v11_0_4_MB_LUT6__parameterized12_493
INFO: [VRFC 10-311] analyzing module ddr4_0_microblaze_v11_0_4_MB_LUT6__parameterized12_494
INFO: [VRFC 10-311] analyzing module ddr4_0_microblaze_v11_0_4_MB_LUT6__parameterized12_495
INFO: [VRFC 10-311] analyzing module ddr4_0_microblaze_v11_0_4_MB_LUT6__parameterized12_496
INFO: [VRFC 10-311] analyzing module ddr4_0_microblaze_v11_0_4_MB_LUT6__parameterized12_497
INFO: [VRFC 10-311] analyzing module ddr4_0_microblaze_v11_0_4_MB_LUT6__parameterized12_498
INFO: [VRFC 10-311] analyzing module ddr4_0_microblaze_v11_0_4_MB_LUT6__parameterized12_499
INFO: [VRFC 10-311] analyzing module ddr4_0_microblaze_v11_0_4_MB_LUT6__parameterized12_500
INFO: [VRFC 10-311] analyzing module ddr4_0_microblaze_v11_0_4_MB_LUT6__parameterized12_501
INFO: [VRFC 10-311] analyzing module ddr4_0_microblaze_v11_0_4_MB_LUT6__parameterized12_502
INFO: [VRFC 10-311] analyzing module ddr4_0_microblaze_v11_0_4_MB_LUT6__parameterized12_503
INFO: [VRFC 10-311] analyzing module ddr4_0_microblaze_v11_0_4_MB_LUT6__parameterized12_504
INFO: [VRFC 10-311] analyzing module ddr4_0_microblaze_v11_0_4_MB_LUT6__parameterized12_505
INFO: [VRFC 10-311] analyzing module ddr4_0_microblaze_v11_0_4_MB_LUT6__parameterized12_506
INFO: [VRFC 10-311] analyzing module ddr4_0_microblaze_v11_0_4_MB_LUT6__parameterized12_507
INFO: [VRFC 10-311] analyzing module ddr4_0_microblaze_v11_0_4_MB_LUT6__parameterized12_508
INFO: [VRFC 10-311] analyzing module ddr4_0_microblaze_v11_0_4_MB_LUT6__parameterized12_509
INFO: [VRFC 10-311] analyzing module ddr4_0_microblaze_v11_0_4_MB_LUT6__parameterized12_510
INFO: [VRFC 10-311] analyzing module ddr4_0_microblaze_v11_0_4_MB_LUT6__parameterized12_511
INFO: [VRFC 10-311] analyzing module ddr4_0_microblaze_v11_0_4_MB_LUT6__parameterized12_512
INFO: [VRFC 10-311] analyzing module ddr4_0_microblaze_v11_0_4_MB_LUT6__parameterized12_513
INFO: [VRFC 10-311] analyzing module ddr4_0_microblaze_v11_0_4_MB_LUT6__parameterized12_514
INFO: [VRFC 10-311] analyzing module ddr4_0_microblaze_v11_0_4_MB_LUT6__parameterized12_515
INFO: [VRFC 10-311] analyzing module ddr4_0_microblaze_v11_0_4_MB_LUT6__parameterized12_516
INFO: [VRFC 10-311] analyzing module ddr4_0_microblaze_v11_0_4_MB_LUT6__parameterized2
INFO: [VRFC 10-311] analyzing module ddr4_0_microblaze_v11_0_4_MB_LUT6__parameterized3
INFO: [VRFC 10-311] analyzing module ddr4_0_microblaze_v11_0_4_MB_LUT6__parameterized3_77
INFO: [VRFC 10-311] analyzing module ddr4_0_microblaze_v11_0_4_MB_LUT6__parameterized3_79
INFO: [VRFC 10-311] analyzing module ddr4_0_microblaze_v11_0_4_MB_LUT6__parameterized3_81
INFO: [VRFC 10-311] analyzing module ddr4_0_microblaze_v11_0_4_MB_LUT6__parameterized3_83
INFO: [VRFC 10-311] analyzing module ddr4_0_microblaze_v11_0_4_MB_LUT6__parameterized3_85
INFO: [VRFC 10-311] analyzing module ddr4_0_microblaze_v11_0_4_MB_LUT6__parameterized4
INFO: [VRFC 10-311] analyzing module ddr4_0_microblaze_v11_0_4_MB_LUT6__parameterized4_78
INFO: [VRFC 10-311] analyzing module ddr4_0_microblaze_v11_0_4_MB_LUT6__parameterized4_80
INFO: [VRFC 10-311] analyzing module ddr4_0_microblaze_v11_0_4_MB_LUT6__parameterized4_82
INFO: [VRFC 10-311] analyzing module ddr4_0_microblaze_v11_0_4_MB_LUT6__parameterized4_84
INFO: [VRFC 10-311] analyzing module ddr4_0_microblaze_v11_0_4_MB_LUT6__parameterized4_86
INFO: [VRFC 10-311] analyzing module ddr4_0_microblaze_v11_0_4_MB_LUT6__parameterized5
INFO: [VRFC 10-311] analyzing module ddr4_0_microblaze_v11_0_4_MB_MULT_AND
INFO: [VRFC 10-311] analyzing module ddr4_0_microblaze_v11_0_4_MB_MUXCY
INFO: [VRFC 10-311] analyzing module ddr4_0_microblaze_v11_0_4_MB_MUXCY_100
INFO: [VRFC 10-311] analyzing module ddr4_0_microblaze_v11_0_4_MB_MUXCY_101
INFO: [VRFC 10-311] analyzing module ddr4_0_microblaze_v11_0_4_MB_MUXCY_102
INFO: [VRFC 10-311] analyzing module ddr4_0_microblaze_v11_0_4_MB_MUXCY_103
INFO: [VRFC 10-311] analyzing module ddr4_0_microblaze_v11_0_4_MB_MUXCY_104
INFO: [VRFC 10-311] analyzing module ddr4_0_microblaze_v11_0_4_MB_MUXCY_105
INFO: [VRFC 10-311] analyzing module ddr4_0_microblaze_v11_0_4_MB_MUXCY_106
INFO: [VRFC 10-311] analyzing module ddr4_0_microblaze_v11_0_4_MB_MUXCY_107
INFO: [VRFC 10-311] analyzing module ddr4_0_microblaze_v11_0_4_MB_MUXCY_108
INFO: [VRFC 10-311] analyzing module ddr4_0_microblaze_v11_0_4_MB_MUXCY_109
INFO: [VRFC 10-311] analyzing module ddr4_0_microblaze_v11_0_4_MB_MUXCY_305
INFO: [VRFC 10-311] analyzing module ddr4_0_microblaze_v11_0_4_MB_MUXCY_306
INFO: [VRFC 10-311] analyzing module ddr4_0_microblaze_v11_0_4_MB_MUXCY_307
INFO: [VRFC 10-311] analyzing module ddr4_0_microblaze_v11_0_4_MB_MUXCY_308
INFO: [VRFC 10-311] analyzing module ddr4_0_microblaze_v11_0_4_MB_MUXCY_309
INFO: [VRFC 10-311] analyzing module ddr4_0_microblaze_v11_0_4_MB_MUXCY_310
INFO: [VRFC 10-311] analyzing module ddr4_0_microblaze_v11_0_4_MB_MUXCY_311
INFO: [VRFC 10-311] analyzing module ddr4_0_microblaze_v11_0_4_MB_MUXCY_517
INFO: [VRFC 10-311] analyzing module ddr4_0_microblaze_v11_0_4_MB_MUXCY_610
INFO: [VRFC 10-311] analyzing module ddr4_0_microblaze_v11_0_4_MB_MUXCY_90
INFO: [VRFC 10-311] analyzing module ddr4_0_microblaze_v11_0_4_MB_MUXCY_91
INFO: [VRFC 10-311] analyzing module ddr4_0_microblaze_v11_0_4_MB_MUXCY_92
INFO: [VRFC 10-311] analyzing module ddr4_0_microblaze_v11_0_4_MB_MUXCY_93
INFO: [VRFC 10-311] analyzing module ddr4_0_microblaze_v11_0_4_MB_MUXCY_94
INFO: [VRFC 10-311] analyzing module ddr4_0_microblaze_v11_0_4_MB_MUXCY_95
INFO: [VRFC 10-311] analyzing module ddr4_0_microblaze_v11_0_4_MB_MUXCY_96
INFO: [VRFC 10-311] analyzing module ddr4_0_microblaze_v11_0_4_MB_MUXCY_97
INFO: [VRFC 10-311] analyzing module ddr4_0_microblaze_v11_0_4_MB_MUXCY_98
INFO: [VRFC 10-311] analyzing module ddr4_0_microblaze_v11_0_4_MB_MUXCY_99
INFO: [VRFC 10-311] analyzing module ddr4_0_microblaze_v11_0_4_MB_MUXCY_XORCY
INFO: [VRFC 10-311] analyzing module ddr4_0_microblaze_v11_0_4_MB_MUXCY_XORCY_268
INFO: [VRFC 10-311] analyzing module ddr4_0_microblaze_v11_0_4_MB_MUXCY_XORCY_269
INFO: [VRFC 10-311] analyzing module ddr4_0_microblaze_v11_0_4_MB_MUXCY_XORCY_270
INFO: [VRFC 10-311] analyzing module ddr4_0_microblaze_v11_0_4_MB_MUXCY_XORCY_271
INFO: [VRFC 10-311] analyzing module ddr4_0_microblaze_v11_0_4_MB_MUXCY_XORCY_272
INFO: [VRFC 10-311] analyzing module ddr4_0_microblaze_v11_0_4_MB_MUXCY_XORCY_273
INFO: [VRFC 10-311] analyzing module ddr4_0_microblaze_v11_0_4_MB_MUXCY_XORCY_274
INFO: [VRFC 10-311] analyzing module ddr4_0_microblaze_v11_0_4_MB_MUXCY_XORCY_275
INFO: [VRFC 10-311] analyzing module ddr4_0_microblaze_v11_0_4_MB_MUXCY_XORCY_276
INFO: [VRFC 10-311] analyzing module ddr4_0_microblaze_v11_0_4_MB_MUXCY_XORCY_277
INFO: [VRFC 10-311] analyzing module ddr4_0_microblaze_v11_0_4_MB_MUXCY_XORCY_278
INFO: [VRFC 10-311] analyzing module ddr4_0_microblaze_v11_0_4_MB_MUXCY_XORCY_279
INFO: [VRFC 10-311] analyzing module ddr4_0_microblaze_v11_0_4_MB_MUXCY_XORCY_280
INFO: [VRFC 10-311] analyzing module ddr4_0_microblaze_v11_0_4_MB_MUXCY_XORCY_281
INFO: [VRFC 10-311] analyzing module ddr4_0_microblaze_v11_0_4_MB_MUXCY_XORCY_282
INFO: [VRFC 10-311] analyzing module ddr4_0_microblaze_v11_0_4_MB_MUXCY_XORCY_283
INFO: [VRFC 10-311] analyzing module ddr4_0_microblaze_v11_0_4_MB_MUXCY_XORCY_284
INFO: [VRFC 10-311] analyzing module ddr4_0_microblaze_v11_0_4_MB_MUXCY_XORCY_285
INFO: [VRFC 10-311] analyzing module ddr4_0_microblaze_v11_0_4_MB_MUXCY_XORCY_286
INFO: [VRFC 10-311] analyzing module ddr4_0_microblaze_v11_0_4_MB_MUXCY_XORCY_287
INFO: [VRFC 10-311] analyzing module ddr4_0_microblaze_v11_0_4_MB_MUXCY_XORCY_288
INFO: [VRFC 10-311] analyzing module ddr4_0_microblaze_v11_0_4_MB_MUXCY_XORCY_289
INFO: [VRFC 10-311] analyzing module ddr4_0_microblaze_v11_0_4_MB_MUXCY_XORCY_290
INFO: [VRFC 10-311] analyzing module ddr4_0_microblaze_v11_0_4_MB_MUXCY_XORCY_291
INFO: [VRFC 10-311] analyzing module ddr4_0_microblaze_v11_0_4_MB_MUXCY_XORCY_292
INFO: [VRFC 10-311] analyzing module ddr4_0_microblaze_v11_0_4_MB_MUXCY_XORCY_293
INFO: [VRFC 10-311] analyzing module ddr4_0_microblaze_v11_0_4_MB_MUXCY_XORCY_294
INFO: [VRFC 10-311] analyzing module ddr4_0_microblaze_v11_0_4_MB_MUXCY_XORCY_295
INFO: [VRFC 10-311] analyzing module ddr4_0_microblaze_v11_0_4_MB_MUXCY_XORCY_296
INFO: [VRFC 10-311] analyzing module ddr4_0_microblaze_v11_0_4_MB_MUXCY_XORCY_312
INFO: [VRFC 10-311] analyzing module ddr4_0_microblaze_v11_0_4_MB_MUXCY_XORCY_313
INFO: [VRFC 10-311] analyzing module ddr4_0_microblaze_v11_0_4_MB_MUXCY_XORCY_314
INFO: [VRFC 10-311] analyzing module ddr4_0_microblaze_v11_0_4_MB_MUXCY_XORCY_315
INFO: [VRFC 10-311] analyzing module ddr4_0_microblaze_v11_0_4_MB_MUXCY_XORCY_316
INFO: [VRFC 10-311] analyzing module ddr4_0_microblaze_v11_0_4_MB_MUXCY_XORCY_317
INFO: [VRFC 10-311] analyzing module ddr4_0_microblaze_v11_0_4_MB_MUXCY_XORCY_318
INFO: [VRFC 10-311] analyzing module ddr4_0_microblaze_v11_0_4_MB_MUXCY_XORCY_319
INFO: [VRFC 10-311] analyzing module ddr4_0_microblaze_v11_0_4_MB_MUXCY_XORCY_320
INFO: [VRFC 10-311] analyzing module ddr4_0_microblaze_v11_0_4_MB_MUXCY_XORCY_321
INFO: [VRFC 10-311] analyzing module ddr4_0_microblaze_v11_0_4_MB_MUXCY_XORCY_322
INFO: [VRFC 10-311] analyzing module ddr4_0_microblaze_v11_0_4_MB_MUXCY_XORCY_323
INFO: [VRFC 10-311] analyzing module ddr4_0_microblaze_v11_0_4_MB_MUXCY_XORCY_324
INFO: [VRFC 10-311] analyzing module ddr4_0_microblaze_v11_0_4_MB_MUXCY_XORCY_325
INFO: [VRFC 10-311] analyzing module ddr4_0_microblaze_v11_0_4_MB_MUXCY_XORCY_326
INFO: [VRFC 10-311] analyzing module ddr4_0_microblaze_v11_0_4_MB_MUXCY_XORCY_327
INFO: [VRFC 10-311] analyzing module ddr4_0_microblaze_v11_0_4_MB_MUXCY_XORCY_328
INFO: [VRFC 10-311] analyzing module ddr4_0_microblaze_v11_0_4_MB_MUXCY_XORCY_329
INFO: [VRFC 10-311] analyzing module ddr4_0_microblaze_v11_0_4_MB_MUXCY_XORCY_330
INFO: [VRFC 10-311] analyzing module ddr4_0_microblaze_v11_0_4_MB_MUXCY_XORCY_331
INFO: [VRFC 10-311] analyzing module ddr4_0_microblaze_v11_0_4_MB_MUXCY_XORCY_332
INFO: [VRFC 10-311] analyzing module ddr4_0_microblaze_v11_0_4_MB_MUXCY_XORCY_333
INFO: [VRFC 10-311] analyzing module ddr4_0_microblaze_v11_0_4_MB_MUXCY_XORCY_334
INFO: [VRFC 10-311] analyzing module ddr4_0_microblaze_v11_0_4_MB_MUXCY_XORCY_335
INFO: [VRFC 10-311] analyzing module ddr4_0_microblaze_v11_0_4_MB_MUXCY_XORCY_336
INFO: [VRFC 10-311] analyzing module ddr4_0_microblaze_v11_0_4_MB_MUXCY_XORCY_337
INFO: [VRFC 10-311] analyzing module ddr4_0_microblaze_v11_0_4_MB_MUXCY_XORCY_338
INFO: [VRFC 10-311] analyzing module ddr4_0_microblaze_v11_0_4_MB_MUXCY_XORCY_339
INFO: [VRFC 10-311] analyzing module ddr4_0_microblaze_v11_0_4_MB_MUXCY_XORCY_340
INFO: [VRFC 10-311] analyzing module ddr4_0_microblaze_v11_0_4_MB_MUXCY_XORCY_341
INFO: [VRFC 10-311] analyzing module ddr4_0_microblaze_v11_0_4_MB_MUXCY_XORCY_342
INFO: [VRFC 10-311] analyzing module ddr4_0_microblaze_v11_0_4_MB_MUXCY_XORCY_343
INFO: [VRFC 10-311] analyzing module ddr4_0_microblaze_v11_0_4_MB_MUXCY_XORCY_344
INFO: [VRFC 10-311] analyzing module ddr4_0_microblaze_v11_0_4_MB_MUXCY_XORCY_345
INFO: [VRFC 10-311] analyzing module ddr4_0_microblaze_v11_0_4_MB_MUXCY_XORCY_347
INFO: [VRFC 10-311] analyzing module ddr4_0_microblaze_v11_0_4_MB_MUXCY_XORCY_349
INFO: [VRFC 10-311] analyzing module ddr4_0_microblaze_v11_0_4_MB_MUXCY_XORCY_351
INFO: [VRFC 10-311] analyzing module ddr4_0_microblaze_v11_0_4_MB_MUXCY_XORCY_353
INFO: [VRFC 10-311] analyzing module ddr4_0_microblaze_v11_0_4_MB_MUXCY_XORCY_355
INFO: [VRFC 10-311] analyzing module ddr4_0_microblaze_v11_0_4_MB_MUXCY_XORCY_357
INFO: [VRFC 10-311] analyzing module ddr4_0_microblaze_v11_0_4_MB_MUXCY_XORCY_359
INFO: [VRFC 10-311] analyzing module ddr4_0_microblaze_v11_0_4_MB_MUXCY_XORCY_361
INFO: [VRFC 10-311] analyzing module ddr4_0_microblaze_v11_0_4_MB_MUXCY_XORCY_363
INFO: [VRFC 10-311] analyzing module ddr4_0_microblaze_v11_0_4_MB_MUXCY_XORCY_365
INFO: [VRFC 10-311] analyzing module ddr4_0_microblaze_v11_0_4_MB_MUXCY_XORCY_367
INFO: [VRFC 10-311] analyzing module ddr4_0_microblaze_v11_0_4_MB_MUXCY_XORCY_369
INFO: [VRFC 10-311] analyzing module ddr4_0_microblaze_v11_0_4_MB_MUXCY_XORCY_371
INFO: [VRFC 10-311] analyzing module ddr4_0_microblaze_v11_0_4_MB_MUXCY_XORCY_373
INFO: [VRFC 10-311] analyzing module ddr4_0_microblaze_v11_0_4_MB_MUXCY_XORCY_375
INFO: [VRFC 10-311] analyzing module ddr4_0_microblaze_v11_0_4_MB_MUXCY_XORCY_377
INFO: [VRFC 10-311] analyzing module ddr4_0_microblaze_v11_0_4_MB_MUXCY_XORCY_379
INFO: [VRFC 10-311] analyzing module ddr4_0_microblaze_v11_0_4_MB_MUXCY_XORCY_381
INFO: [VRFC 10-311] analyzing module ddr4_0_microblaze_v11_0_4_MB_MUXCY_XORCY_383
INFO: [VRFC 10-311] analyzing module ddr4_0_microblaze_v11_0_4_MB_MUXCY_XORCY_385
INFO: [VRFC 10-311] analyzing module ddr4_0_microblaze_v11_0_4_MB_MUXCY_XORCY_387
INFO: [VRFC 10-311] analyzing module ddr4_0_microblaze_v11_0_4_MB_MUXCY_XORCY_389
INFO: [VRFC 10-311] analyzing module ddr4_0_microblaze_v11_0_4_MB_MUXCY_XORCY_391
INFO: [VRFC 10-311] analyzing module ddr4_0_microblaze_v11_0_4_MB_MUXCY_XORCY_393
INFO: [VRFC 10-311] analyzing module ddr4_0_microblaze_v11_0_4_MB_MUXCY_XORCY_395
INFO: [VRFC 10-311] analyzing module ddr4_0_microblaze_v11_0_4_MB_MUXCY_XORCY_397
INFO: [VRFC 10-311] analyzing module ddr4_0_microblaze_v11_0_4_MB_MUXCY_XORCY_399
INFO: [VRFC 10-311] analyzing module ddr4_0_microblaze_v11_0_4_MB_MUXCY_XORCY_401
INFO: [VRFC 10-311] analyzing module ddr4_0_microblaze_v11_0_4_MB_MUXCY_XORCY_403
INFO: [VRFC 10-311] analyzing module ddr4_0_microblaze_v11_0_4_MB_MUXCY_XORCY_405
INFO: [VRFC 10-311] analyzing module ddr4_0_microblaze_v11_0_4_MB_MUXCY_XORCY_548
INFO: [VRFC 10-311] analyzing module ddr4_0_microblaze_v11_0_4_MB_MUXCY_XORCY_550
INFO: [VRFC 10-311] analyzing module ddr4_0_microblaze_v11_0_4_MB_MUXCY_XORCY_552
INFO: [VRFC 10-311] analyzing module ddr4_0_microblaze_v11_0_4_MB_MUXCY_XORCY_554
INFO: [VRFC 10-311] analyzing module ddr4_0_microblaze_v11_0_4_MB_MUXCY_XORCY_556
INFO: [VRFC 10-311] analyzing module ddr4_0_microblaze_v11_0_4_MB_MUXCY_XORCY_558
INFO: [VRFC 10-311] analyzing module ddr4_0_microblaze_v11_0_4_MB_MUXCY_XORCY_560
INFO: [VRFC 10-311] analyzing module ddr4_0_microblaze_v11_0_4_MB_MUXCY_XORCY_562
INFO: [VRFC 10-311] analyzing module ddr4_0_microblaze_v11_0_4_MB_MUXCY_XORCY_564
INFO: [VRFC 10-311] analyzing module ddr4_0_microblaze_v11_0_4_MB_MUXCY_XORCY_566
INFO: [VRFC 10-311] analyzing module ddr4_0_microblaze_v11_0_4_MB_MUXCY_XORCY_568
INFO: [VRFC 10-311] analyzing module ddr4_0_microblaze_v11_0_4_MB_MUXCY_XORCY_570
INFO: [VRFC 10-311] analyzing module ddr4_0_microblaze_v11_0_4_MB_MUXCY_XORCY_572
INFO: [VRFC 10-311] analyzing module ddr4_0_microblaze_v11_0_4_MB_MUXCY_XORCY_574
INFO: [VRFC 10-311] analyzing module ddr4_0_microblaze_v11_0_4_MB_MUXCY_XORCY_576
INFO: [VRFC 10-311] analyzing module ddr4_0_microblaze_v11_0_4_MB_MUXCY_XORCY_578
INFO: [VRFC 10-311] analyzing module ddr4_0_microblaze_v11_0_4_MB_MUXCY_XORCY_580
INFO: [VRFC 10-311] analyzing module ddr4_0_microblaze_v11_0_4_MB_MUXCY_XORCY_582
INFO: [VRFC 10-311] analyzing module ddr4_0_microblaze_v11_0_4_MB_MUXCY_XORCY_584
INFO: [VRFC 10-311] analyzing module ddr4_0_microblaze_v11_0_4_MB_MUXCY_XORCY_586
INFO: [VRFC 10-311] analyzing module ddr4_0_microblaze_v11_0_4_MB_MUXCY_XORCY_588
INFO: [VRFC 10-311] analyzing module ddr4_0_microblaze_v11_0_4_MB_MUXCY_XORCY_590
INFO: [VRFC 10-311] analyzing module ddr4_0_microblaze_v11_0_4_MB_MUXCY_XORCY_592
INFO: [VRFC 10-311] analyzing module ddr4_0_microblaze_v11_0_4_MB_MUXCY_XORCY_594
INFO: [VRFC 10-311] analyzing module ddr4_0_microblaze_v11_0_4_MB_MUXCY_XORCY_596
INFO: [VRFC 10-311] analyzing module ddr4_0_microblaze_v11_0_4_MB_MUXCY_XORCY_598
INFO: [VRFC 10-311] analyzing module ddr4_0_microblaze_v11_0_4_MB_MUXCY_XORCY_600
INFO: [VRFC 10-311] analyzing module ddr4_0_microblaze_v11_0_4_MB_MUXCY_XORCY_602
INFO: [VRFC 10-311] analyzing module ddr4_0_microblaze_v11_0_4_MB_MUXCY_XORCY_604
INFO: [VRFC 10-311] analyzing module ddr4_0_microblaze_v11_0_4_MB_MUXCY_XORCY_606
INFO: [VRFC 10-311] analyzing module ddr4_0_microblaze_v11_0_4_MB_MUXCY_XORCY_608
INFO: [VRFC 10-311] analyzing module ddr4_0_microblaze_v11_0_4_MB_MUXCY_XORCY_609
INFO: [VRFC 10-311] analyzing module ddr4_0_microblaze_v11_0_4_MB_MUXF7
INFO: [VRFC 10-311] analyzing module ddr4_0_microblaze_v11_0_4_MB_MUXF7_118
INFO: [VRFC 10-311] analyzing module ddr4_0_microblaze_v11_0_4_MB_MUXF7_120
INFO: [VRFC 10-311] analyzing module ddr4_0_microblaze_v11_0_4_MB_MUXF7_122
INFO: [VRFC 10-311] analyzing module ddr4_0_microblaze_v11_0_4_MB_MUXF7_124
INFO: [VRFC 10-311] analyzing module ddr4_0_microblaze_v11_0_4_MB_MUXF7_126
INFO: [VRFC 10-311] analyzing module ddr4_0_microblaze_v11_0_4_MB_MUXF7_128
INFO: [VRFC 10-311] analyzing module ddr4_0_microblaze_v11_0_4_MB_MUXF7_130
INFO: [VRFC 10-311] analyzing module ddr4_0_microblaze_v11_0_4_MB_MUXF7_132
INFO: [VRFC 10-311] analyzing module ddr4_0_microblaze_v11_0_4_MB_MUXF7_134
INFO: [VRFC 10-311] analyzing module ddr4_0_microblaze_v11_0_4_MB_MUXF7_136
INFO: [VRFC 10-311] analyzing module ddr4_0_microblaze_v11_0_4_MB_MUXF7_138
INFO: [VRFC 10-311] analyzing module ddr4_0_microblaze_v11_0_4_MB_MUXF7_140
INFO: [VRFC 10-311] analyzing module ddr4_0_microblaze_v11_0_4_MB_MUXF7_142
INFO: [VRFC 10-311] analyzing module ddr4_0_microblaze_v11_0_4_MB_MUXF7_144
INFO: [VRFC 10-311] analyzing module ddr4_0_microblaze_v11_0_4_MB_MUXF7_146
INFO: [VRFC 10-311] analyzing module ddr4_0_microblaze_v11_0_4_MB_MUXF7_148
INFO: [VRFC 10-311] analyzing module ddr4_0_microblaze_v11_0_4_MB_MUXF7_150
INFO: [VRFC 10-311] analyzing module ddr4_0_microblaze_v11_0_4_MB_MUXF7_152
INFO: [VRFC 10-311] analyzing module ddr4_0_microblaze_v11_0_4_MB_MUXF7_154
INFO: [VRFC 10-311] analyzing module ddr4_0_microblaze_v11_0_4_MB_MUXF7_156
INFO: [VRFC 10-311] analyzing module ddr4_0_microblaze_v11_0_4_MB_MUXF7_158
INFO: [VRFC 10-311] analyzing module ddr4_0_microblaze_v11_0_4_MB_MUXF7_160
INFO: [VRFC 10-311] analyzing module ddr4_0_microblaze_v11_0_4_MB_MUXF7_162
INFO: [VRFC 10-311] analyzing module ddr4_0_microblaze_v11_0_4_MB_MUXF7_164
INFO: [VRFC 10-311] analyzing module ddr4_0_microblaze_v11_0_4_MB_MUXF7_166
INFO: [VRFC 10-311] analyzing module ddr4_0_microblaze_v11_0_4_MB_MUXF7_168
INFO: [VRFC 10-311] analyzing module ddr4_0_microblaze_v11_0_4_MB_MUXF7_170
INFO: [VRFC 10-311] analyzing module ddr4_0_microblaze_v11_0_4_MB_MUXF7_172
INFO: [VRFC 10-311] analyzing module ddr4_0_microblaze_v11_0_4_MB_MUXF7_174
INFO: [VRFC 10-311] analyzing module ddr4_0_microblaze_v11_0_4_MB_MUXF7_176
INFO: [VRFC 10-311] analyzing module ddr4_0_microblaze_v11_0_4_MB_MUXF7_178
INFO: [VRFC 10-311] analyzing module ddr4_0_microblaze_v11_0_4_MB_MUXF7_180
INFO: [VRFC 10-311] analyzing module ddr4_0_microblaze_v11_0_4_MB_MUXF7_182
INFO: [VRFC 10-311] analyzing module ddr4_0_microblaze_v11_0_4_MB_MUXF7_184
INFO: [VRFC 10-311] analyzing module ddr4_0_microblaze_v11_0_4_MB_MUXF7_186
INFO: [VRFC 10-311] analyzing module ddr4_0_microblaze_v11_0_4_MB_MUXF7_188
INFO: [VRFC 10-311] analyzing module ddr4_0_microblaze_v11_0_4_MB_MUXF7_190
INFO: [VRFC 10-311] analyzing module ddr4_0_microblaze_v11_0_4_MB_MUXF7_192
INFO: [VRFC 10-311] analyzing module ddr4_0_microblaze_v11_0_4_MB_MUXF7_194
INFO: [VRFC 10-311] analyzing module ddr4_0_microblaze_v11_0_4_MB_MUXF7_196
INFO: [VRFC 10-311] analyzing module ddr4_0_microblaze_v11_0_4_MB_MUXF7_198
INFO: [VRFC 10-311] analyzing module ddr4_0_microblaze_v11_0_4_MB_MUXF7_200
INFO: [VRFC 10-311] analyzing module ddr4_0_microblaze_v11_0_4_MB_MUXF7_202
INFO: [VRFC 10-311] analyzing module ddr4_0_microblaze_v11_0_4_MB_MUXF7_205
INFO: [VRFC 10-311] analyzing module ddr4_0_microblaze_v11_0_4_MB_MUXF7_207
INFO: [VRFC 10-311] analyzing module ddr4_0_microblaze_v11_0_4_MB_MUXF7_209
INFO: [VRFC 10-311] analyzing module ddr4_0_microblaze_v11_0_4_MB_MUXF7_211
INFO: [VRFC 10-311] analyzing module ddr4_0_microblaze_v11_0_4_MB_MUXF7_213
INFO: [VRFC 10-311] analyzing module ddr4_0_microblaze_v11_0_4_MB_MUXF7_215
INFO: [VRFC 10-311] analyzing module ddr4_0_microblaze_v11_0_4_MB_MUXF7_217
INFO: [VRFC 10-311] analyzing module ddr4_0_microblaze_v11_0_4_MB_MUXF7_219
INFO: [VRFC 10-311] analyzing module ddr4_0_microblaze_v11_0_4_MB_MUXF7_221
INFO: [VRFC 10-311] analyzing module ddr4_0_microblaze_v11_0_4_MB_MUXF7_223
INFO: [VRFC 10-311] analyzing module ddr4_0_microblaze_v11_0_4_MB_MUXF7_225
INFO: [VRFC 10-311] analyzing module ddr4_0_microblaze_v11_0_4_MB_MUXF7_227
INFO: [VRFC 10-311] analyzing module ddr4_0_microblaze_v11_0_4_MB_MUXF7_229
INFO: [VRFC 10-311] analyzing module ddr4_0_microblaze_v11_0_4_MB_MUXF7_231
INFO: [VRFC 10-311] analyzing module ddr4_0_microblaze_v11_0_4_MB_MUXF7_233
INFO: [VRFC 10-311] analyzing module ddr4_0_microblaze_v11_0_4_MB_MUXF7_235
INFO: [VRFC 10-311] analyzing module ddr4_0_microblaze_v11_0_4_MB_MUXF7_237
INFO: [VRFC 10-311] analyzing module ddr4_0_microblaze_v11_0_4_MB_MUXF7_239
INFO: [VRFC 10-311] analyzing module ddr4_0_microblaze_v11_0_4_MB_MUXF7_241
INFO: [VRFC 10-311] analyzing module ddr4_0_microblaze_v11_0_4_MB_MUXF7_243
INFO: [VRFC 10-311] analyzing module ddr4_0_microblaze_v11_0_4_MB_MUXF7_245
INFO: [VRFC 10-311] analyzing module ddr4_0_microblaze_v11_0_4_MB_MUXF7_247
INFO: [VRFC 10-311] analyzing module ddr4_0_microblaze_v11_0_4_MB_MUXF7_249
INFO: [VRFC 10-311] analyzing module ddr4_0_microblaze_v11_0_4_MB_MUXF7_251
INFO: [VRFC 10-311] analyzing module ddr4_0_microblaze_v11_0_4_MB_MUXF7_253
INFO: [VRFC 10-311] analyzing module ddr4_0_microblaze_v11_0_4_MB_MUXF7_255
INFO: [VRFC 10-311] analyzing module ddr4_0_microblaze_v11_0_4_MB_MUXF7_257
INFO: [VRFC 10-311] analyzing module ddr4_0_microblaze_v11_0_4_MB_MUXF7_259
INFO: [VRFC 10-311] analyzing module ddr4_0_microblaze_v11_0_4_MB_MUXF7_261
INFO: [VRFC 10-311] analyzing module ddr4_0_microblaze_v11_0_4_MB_MUXF7_263
INFO: [VRFC 10-311] analyzing module ddr4_0_microblaze_v11_0_4_MB_MUXF7_265
INFO: [VRFC 10-311] analyzing module ddr4_0_microblaze_v11_0_4_MB_MUXF7_267
INFO: [VRFC 10-311] analyzing module ddr4_0_microblaze_v11_0_4_MB_MUXF7_422
INFO: [VRFC 10-311] analyzing module ddr4_0_microblaze_v11_0_4_MB_MUXF7_423
INFO: [VRFC 10-311] analyzing module ddr4_0_microblaze_v11_0_4_MB_MUXF7_424
INFO: [VRFC 10-311] analyzing module ddr4_0_microblaze_v11_0_4_MB_MUXF7_425
INFO: [VRFC 10-311] analyzing module ddr4_0_microblaze_v11_0_4_MB_MUXF7_426
INFO: [VRFC 10-311] analyzing module ddr4_0_microblaze_v11_0_4_MB_MUXF7_427
INFO: [VRFC 10-311] analyzing module ddr4_0_microblaze_v11_0_4_MB_MUXF7_428
INFO: [VRFC 10-311] analyzing module ddr4_0_microblaze_v11_0_4_MB_MUXF7_429
INFO: [VRFC 10-311] analyzing module ddr4_0_microblaze_v11_0_4_MB_MUXF7_430
INFO: [VRFC 10-311] analyzing module ddr4_0_microblaze_v11_0_4_MB_MUXF7_431
INFO: [VRFC 10-311] analyzing module ddr4_0_microblaze_v11_0_4_MB_MUXF7_432
INFO: [VRFC 10-311] analyzing module ddr4_0_microblaze_v11_0_4_MB_MUXF7_433
INFO: [VRFC 10-311] analyzing module ddr4_0_microblaze_v11_0_4_MB_MUXF7_434
INFO: [VRFC 10-311] analyzing module ddr4_0_microblaze_v11_0_4_MB_MUXF7_435
INFO: [VRFC 10-311] analyzing module ddr4_0_microblaze_v11_0_4_MB_MUXF7_436
INFO: [VRFC 10-311] analyzing module ddr4_0_microblaze_v11_0_4_MB_MUXF7_437
INFO: [VRFC 10-311] analyzing module ddr4_0_microblaze_v11_0_4_MB_MUXF7_438
INFO: [VRFC 10-311] analyzing module ddr4_0_microblaze_v11_0_4_MB_MUXF7_439
INFO: [VRFC 10-311] analyzing module ddr4_0_microblaze_v11_0_4_MB_MUXF7_440
INFO: [VRFC 10-311] analyzing module ddr4_0_microblaze_v11_0_4_MB_MUXF7_441
INFO: [VRFC 10-311] analyzing module ddr4_0_microblaze_v11_0_4_MB_MUXF7_442
INFO: [VRFC 10-311] analyzing module ddr4_0_microblaze_v11_0_4_MB_MUXF7_443
INFO: [VRFC 10-311] analyzing module ddr4_0_microblaze_v11_0_4_MB_MUXF7_444
INFO: [VRFC 10-311] analyzing module ddr4_0_microblaze_v11_0_4_MB_MUXF7_445
INFO: [VRFC 10-311] analyzing module ddr4_0_microblaze_v11_0_4_MB_MUXF7_446
INFO: [VRFC 10-311] analyzing module ddr4_0_microblaze_v11_0_4_MB_MUXF7_447
INFO: [VRFC 10-311] analyzing module ddr4_0_microblaze_v11_0_4_MB_MUXF7_448
INFO: [VRFC 10-311] analyzing module ddr4_0_microblaze_v11_0_4_MB_MUXF7_449
INFO: [VRFC 10-311] analyzing module ddr4_0_microblaze_v11_0_4_MB_MUXF7_450
INFO: [VRFC 10-311] analyzing module ddr4_0_microblaze_v11_0_4_MB_MUXF7_451
INFO: [VRFC 10-311] analyzing module ddr4_0_microblaze_v11_0_4_MB_MUXF7_452
INFO: [VRFC 10-311] analyzing module ddr4_0_microblaze_v11_0_4_MB_MUXF7_453
INFO: [VRFC 10-311] analyzing module ddr4_0_microblaze_v11_0_4_mb_sync_bit
INFO: [VRFC 10-311] analyzing module ddr4_0_microblaze_v11_0_4_mb_sync_bit_59
INFO: [VRFC 10-311] analyzing module ddr4_0_microblaze_v11_0_4_mb_sync_bit_60
INFO: [VRFC 10-311] analyzing module ddr4_0_msr_reg_gti
INFO: [VRFC 10-311] analyzing module ddr4_0_mul_unit
INFO: [VRFC 10-311] analyzing module glbl
